#
# There is insufficient memory for the Java Runtime Environment to continue.
# Native memory allocation (malloc) failed to allocate 498496 bytes for Chunk::new
# Possible reasons:
#   The system is out of physical RAM or swap space
#   In 32 bit mode, the process size limit was hit
# Possible solutions:
#   Reduce memory load on the system
#   Increase physical memory or swap space
#   Check if swap backing store is full
#   Use 64 bit Java on a 64 bit OS
#   Decrease Java heap size (-Xmx/-Xms)
#   Decrease number of Java threads
#   Decrease Java thread stack sizes (-Xss)
#   Set larger code cache with -XX:ReservedCodeCacheSize=
# This output file may be truncated or incomplete.
#
#  Out of Memory Error (allocation.cpp:390), pid=5632, tid=5448
#
# JRE version: Java(TM) SE Runtime Environment (8.0_60-b27) (build 1.8.0_60-b27)
# Java VM: Java HotSpot(TM) 64-Bit Server VM (25.60-b23 mixed mode windows-amd64 compressed oops)
# Failed to write core dump. Minidumps are not enabled by default on client versions of Windows
#

---------------  T H R E A D  ---------------

Current thread (0x000000001518a000):  JavaThread "C2 CompilerThread0" daemon [_thread_in_native, id=5448, stack(0x00000000167f0000,0x00000000168f0000)]

Stack: [0x00000000167f0000,0x00000000168f0000]
[error occurred during error reporting (printing stack bounds), id 0xc0000005]

Native frames: (J=compiled Java code, j=interpreted, Vv=VM code, C=native code)


Current CompileTask:
C2:  18068 2168       4       com.android.dx.ssa.ConstCollector::getConstsSortedByCountUse (386 bytes)


---------------  P R O C E S S  ---------------

Java Threads: ( => current thread )
  0x0000000016d7a800 JavaThread "pool-1-thread-4" [_thread_in_Java, id=6988, stack(0x00000000174f0000,0x00000000175f0000)]
  0x0000000016d6f800 JavaThread "pool-1-thread-3" [_thread_in_Java, id=3004, stack(0x00000000173f0000,0x00000000174f0000)]
  0x0000000016d68800 JavaThread "pool-1-thread-2" [_thread_in_Java, id=6712, stack(0x00000000172f0000,0x00000000173f0000)]
  0x0000000016daa000 JavaThread "pool-2-thread-1" [_thread_blocked, id=5676, stack(0x00000000171f0000,0x00000000172f0000)]
  0x0000000016e2f000 JavaThread "pool-1-thread-1" [_thread_in_Java, id=1816, stack(0x00000000170f0000,0x00000000171f0000)]
  0x0000000016af5800 JavaThread "Service Thread" daemon [_thread_blocked, id=5472, stack(0x0000000016ef0000,0x0000000016ff0000)]
  0x00000000151ec000 JavaThread "C1 CompilerThread2" daemon [_thread_in_native, id=5936, stack(0x00000000169f0000,0x0000000016af0000)]
  0x00000000151e5800 JavaThread "C2 CompilerThread1" daemon [_thread_in_native, id=2148, stack(0x00000000168f0000,0x00000000169f0000)]
=>0x000000001518a000 JavaThread "C2 CompilerThread0" daemon [_thread_in_native, id=5448, stack(0x00000000167f0000,0x00000000168f0000)]
  0x0000000015188800 JavaThread "Attach Listener" daemon [_thread_blocked, id=4388, stack(0x00000000166f0000,0x00000000167f0000)]
  0x0000000015187000 JavaThread "Signal Dispatcher" daemon [_thread_blocked, id=6280, stack(0x00000000165f0000,0x00000000166f0000)]
  0x0000000002ab6000 JavaThread "Finalizer" daemon [_thread_blocked, id=2100, stack(0x0000000016410000,0x0000000016510000)]
  0x0000000002aad000 JavaThread "Reference Handler" daemon [_thread_blocked, id=404, stack(0x0000000016310000,0x0000000016410000)]
  0x00000000027cd800 JavaThread "main" [_thread_in_Java, id=6596, stack(0x00000000028c0000,0x00000000029c0000)]

Other Threads:
  0x0000000015158000 VMThread [stack: 0x0000000016210000,0x0000000016310000] [id=3572]
  0x0000000016b21000 WatcherThread [stack: 0x0000000016ff0000,0x00000000170f0000] [id=3348]

VM state:not at safepoint (normal execution)

VM Mutex/Monitor currently owned by a thread: None

Heap:
 PSYoungGen      total 228864K, used 91744K [0x00000000eab00000, 0x0000000100000000, 0x0000000100000000)
  eden space 142848K, 64% used [0x00000000eab00000,0x00000000f0498278,0x00000000f3680000)
  from space 86016K, 0% used [0x00000000f3680000,0x00000000f3680000,0x00000000f8a80000)
  to   space 110592K, 0% used [0x00000000f9400000,0x00000000f9400000,0x0000000100000000)
 ParOldGen       total 182272K, used 137812K [0x00000000c0000000, 0x00000000cb200000, 0x00000000eab00000)
  object space 182272K, 75% used [0x00000000c0000000,0x00000000c86950d0,0x00000000cb200000)
 Metaspace       used 6381K, capacity 7192K, committed 7424K, reserved 1056768K
  class space    used 622K, capacity 656K, committed 768K, reserved 1048576K

Card table byte_map: [0x0000000011e80000,0x0000000012090000] byte_map_base: 0x0000000011880000

Marking Bits: (ParMarkBitMap*) 0x000000006da1a5b0
 Begin Bits: [0x00000000125f0000, 0x00000000135f0000)
 End Bits:   [0x00000000135f0000, 0x00000000145f0000)

Polling page: 0x00000000027b0000

CodeCache: size=245760Kb used=9025Kb max_used=9063Kb free=236734Kb
 bounds [0x0000000002ac0000, 0x00000000033b0000, 0x0000000011ac0000]
 total_blobs=2178 nmethods=1909 adapters=181
 compilation: enabled

Compilation events (10 events):
Event: 17.107 Thread 0x00000000151ec000 2179       2       com.android.dx.util.BitIntSet::merge (148 bytes)
Event: 17.108 Thread 0x00000000151ec000 nmethod 2179 0x0000000002bc9f50 code [0x0000000002bca160, 0x0000000002bca718]
Event: 17.114 Thread 0x000000001518a000 nmethod 2175 0x0000000002bd7f10 code [0x0000000002bd8060, 0x0000000002bd8498]
Event: 17.114 Thread 0x000000001518a000 2171       4       com.android.dx.ssa.InterferenceRegisterMapper::addInterfence (62 bytes)
Event: 17.164 Thread 0x000000001518a000 nmethod 2171 0x0000000002c0d6d0 code [0x0000000002c0d8a0, 0x0000000002c0ea38]
Event: 17.164 Thread 0x000000001518a000 2168       4       com.android.dx.ssa.ConstCollector::getConstsSortedByCountUse (386 bytes)
Event: 17.202 Thread 0x00000000151ec000 2182 %     3       com.android.dx.util.BitIntSet::merge @ 80 (148 bytes)
Event: 17.203 Thread 0x00000000151ec000 nmethod 2182% 0x0000000002c11210 code [0x0000000002c114a0, 0x0000000002c124f8]
Event: 17.204 Thread 0x00000000151ec000 2183       3       com.android.dx.util.BitIntSet::merge (148 bytes)
Event: 17.205 Thread 0x00000000151ec000 nmethod 2183 0x000000000338db90 code [0x000000000338de00, 0x000000000338edb8]

GC Heap History (10 events):
Event: 11.918 GC heap after
Heap after GC invocations=8 (full 1):
 PSYoungGen      total 144384K, used 28661K [0x00000000eab00000, 0x00000000fc480000, 0x0000000100000000)
  eden space 115712K, 0% used [0x00000000eab00000,0x00000000eab00000,0x00000000f1c00000)
  from space 28672K, 99% used [0x00000000f1c00000,0x00000000f37fd718,0x00000000f3800000)
  to   space 59392K, 0% used [0x00000000f8a80000,0x00000000f8a80000,0x00000000fc480000)
 ParOldGen       total 93696K, used 93285K [0x00000000c0000000, 0x00000000c5b80000, 0x00000000eab00000)
  object space 93696K, 99% used [0x00000000c0000000,0x00000000c5b19470,0x00000000c5b80000)
 Metaspace       used 6371K, capacity 7192K, committed 7424K, reserved 1056768K
  class space    used 621K, capacity 656K, committed 768K, reserved 1048576K
}
Event: 11.918 GC heap before
{Heap before GC invocations=9 (full 2):
 PSYoungGen      total 144384K, used 28661K [0x00000000eab00000, 0x00000000fc480000, 0x0000000100000000)
  eden space 115712K, 0% used [0x00000000eab00000,0x00000000eab00000,0x00000000f1c00000)
  from space 28672K, 99% used [0x00000000f1c00000,0x00000000f37fd718,0x00000000f3800000)
  to   space 59392K, 0% used [0x00000000f8a80000,0x00000000f8a80000,0x00000000fc480000)
 ParOldGen       total 93696K, used 93285K [0x00000000c0000000, 0x00000000c5b80000, 0x00000000eab00000)
  object space 93696K, 99% used [0x00000000c0000000,0x00000000c5b19470,0x00000000c5b80000)
 Metaspace       used 6371K, capacity 7192K, committed 7424K, reserved 1056768K
  class space    used 621K, capacity 656K, committed 768K, reserved 1048576K
Event: 12.503 GC heap after
Heap after GC invocations=9 (full 2):
 PSYoungGen      total 144384K, used 20689K [0x00000000eab00000, 0x00000000fc480000, 0x0000000100000000)
  eden space 115712K, 0% used [0x00000000eab00000,0x00000000eab00000,0x00000000f1c00000)
  from space 28672K, 72% used [0x00000000f1c00000,0x00000000f3034580,0x00000000f3800000)
  to   space 59392K, 0% used [0x00000000f8a80000,0x00000000f8a80000,0x00000000fc480000)
 ParOldGen       total 182272K, used 93632K [0x00000000c0000000, 0x00000000cb200000, 0x00000000eab00000)
  object space 182272K, 51% used [0x00000000c0000000,0x00000000c5b70288,0x00000000cb200000)
 Metaspace       used 6371K, capacity 7192K, committed 7424K, reserved 1056768K
  class space    used 621K, capacity 656K, committed 768K, reserved 1048576K
}
Event: 12.928 GC heap before
{Heap before GC invocations=10 (full 2):
 PSYoungGen      total 144384K, used 136401K [0x00000000eab00000, 0x00000000fc480000, 0x0000000100000000)
  eden space 115712K, 100% used [0x00000000eab00000,0x00000000f1c00000,0x00000000f1c00000)
  from space 28672K, 72% used [0x00000000f1c00000,0x00000000f3034580,0x00000000f3800000)
  to   space 59392K, 0% used [0x00000000f8a80000,0x00000000f8a80000,0x00000000fc480000)
 ParOldGen       total 182272K, used 93632K [0x00000000c0000000, 0x00000000cb200000, 0x00000000eab00000)
  object space 182272K, 51% used [0x00000000c0000000,0x00000000c5b70288,0x00000000cb200000)
 Metaspace       used 6380K, capacity 7192K, committed 7424K, reserved 1056768K
  class space    used 622K, capacity 656K, committed 768K, reserved 1048576K
Event: 13.141 GC heap after
Heap after GC invocations=10 (full 2):
 PSYoungGen      total 202240K, used 59372K [0x00000000eab00000, 0x00000000fe500000, 0x0000000100000000)
  eden space 142848K, 0% used [0x00000000eab00000,0x00000000eab00000,0x00000000f3680000)
  from space 59392K, 99% used [0x00000000f8a80000,0x00000000fc47b0f0,0x00000000fc480000)
  to   space 86016K, 0% used [0x00000000f3680000,0x00000000f3680000,0x00000000f8a80000)
 ParOldGen       total 182272K, used 126111K [0x00000000c0000000, 0x00000000cb200000, 0x00000000eab00000)
  object space 182272K, 69% used [0x00000000c0000000,0x00000000c7b27e10,0x00000000cb200000)
 Metaspace       used 6380K, capacity 7192K, committed 7424K, reserved 1056768K
  class space    used 622K, capacity 656K, committed 768K, reserved 1048576K
}
Event: 14.844 GC heap before
{Heap before GC invocations=11 (full 2):
 PSYoungGen      total 202240K, used 202220K [0x00000000eab00000, 0x00000000fe500000, 0x0000000100000000)
  eden space 142848K, 100% used [0x00000000eab00000,0x00000000f3680000,0x00000000f3680000)
  from space 59392K, 99% used [0x00000000f8a80000,0x00000000fc47b0f0,0x00000000fc480000)
  to   space 86016K, 0% used [0x00000000f3680000,0x00000000f3680000,0x00000000f8a80000)
 ParOldGen       total 182272K, used 126111K [0x00000000c0000000, 0x00000000cb200000, 0x00000000eab00000)
  object space 182272K, 69% used [0x00000000c0000000,0x00000000c7b27e10,0x00000000cb200000)
 Metaspace       used 6381K, capacity 7192K, committed 7424K, reserved 1056768K
  class space    used 622K, capacity 656K, committed 768K, reserved 1048576K
Event: 15.228 GC heap after
Heap after GC invocations=11 (full 2):
 PSYoungGen      total 228864K, used 85988K [0x00000000eab00000, 0x0000000100000000, 0x0000000100000000)
  eden space 142848K, 0% used [0x00000000eab00000,0x00000000eab00000,0x00000000f3680000)
  from space 86016K, 99% used [0x00000000f3680000,0x00000000f8a79278,0x00000000f8a80000)
  to   space 110592K, 0% used [0x00000000f9400000,0x00000000f9400000,0x0000000100000000)
 ParOldGen       total 182272K, used 146455K [0x00000000c0000000, 0x00000000cb200000, 0x00000000eab00000)
  object space 182272K, 80% used [0x00000000c0000000,0x00000000c8f05ef8,0x00000000cb200000)
 Metaspace       used 6381K, capacity 7192K, committed 7424K, reserved 1056768K
  class space    used 622K, capacity 656K, committed 768K, reserved 1048576K
}
Event: 15.228 GC heap before
{Heap before GC invocations=12 (full 3):
 PSYoungGen      total 228864K, used 85988K [0x00000000eab00000, 0x0000000100000000, 0x0000000100000000)
  eden space 142848K, 0% used [0x00000000eab00000,0x00000000eab00000,0x00000000f3680000)
  from space 86016K, 99% used [0x00000000f3680000,0x00000000f8a79278,0x00000000f8a80000)
  to   space 110592K, 0% used [0x00000000f9400000,0x00000000f9400000,0x0000000100000000)
 ParOldGen       total 182272K, used 146455K [0x00000000c0000000, 0x00000000cb200000, 0x00000000eab00000)
  object space 182272K, 80% used [0x00000000c0000000,0x00000000c8f05ef8,0x00000000cb200000)
 Metaspace       used 6381K, capacity 7192K, committed 7424K, reserved 1056768K
  class space    used 622K, capacity 656K, committed 768K, reserved 1048576K
Event: 16.969 GC heap after
Heap after GC invocations=12 (full 3):
 PSYoungGen      total 228864K, used 40784K [0x00000000eab00000, 0x0000000100000000, 0x0000000100000000)
  eden space 142848K, 0% used [0x00000000eab00000,0x00000000eab00000,0x00000000f3680000)
  from space 86016K, 47% used [0x00000000f3680000,0x00000000f5e54090,0x00000000f8a80000)
  to   space 110592K, 0% used [0x00000000f9400000,0x00000000f9400000,0x0000000100000000)
 ParOldGen       total 182272K, used 182004K [0x00000000c0000000, 0x00000000cb200000, 0x00000000eab00000)
  object space 182272K, 99% used [0x00000000c0000000,0x00000000cb1bd2c8,0x00000000cb200000)
 Metaspace       used 6381K, capacity 7192K, committed 7424K, reserved 1056768K
  class space    used 622K, capacity 656K, committed 768K, reserved 1048576K
}
Event: 17.318 GC heap before
{Heap before GC invocations=13 (full 4):
 PSYoungGen      total 228864K, used 183632K [0x00000000eab00000, 0x0000000100000000, 0x0000000100000000)
  eden space 142848K, 100% used [0x00000000eab00000,0x00000000f3680000,0x00000000f3680000)
  from space 86016K, 47% used [0x00000000f3680000,0x00000000f5e54090,0x00000000f8a80000)
  to   space 110592K, 0% used [0x00000000f9400000,0x00000000f9400000,0x0000000100000000)
 ParOldGen       total 182272K, used 182004K [0x00000000c0000000, 0x00000000cb200000, 0x00000000eab00000)
  object space 182272K, 99% used [0x00000000c0000000,0x00000000cb1bd2c8,0x00000000cb200000)
 Metaspace       used 6381K, capacity 7192K, committed 7424K, reserved 1056768K
  class space    used 622K, capacity 656K, committed 768K, reserved 1048576K

Deoptimization events (10 events):
Event: 12.920 Thread 0x0000000016e2f000 Uncommon trap: reason=class_check action=maybe_recompile pc=0x00000000032ca8fc method=com.android.dx.ssa.SsaConverter.placePhiFunctions(Lcom/android/dx/ssa/SsaMethod;Lcom/android/dx/ssa/LocalVariableInfo;I)V @ 257
Event: 13.308 Thread 0x0000000016d7a800 Uncommon trap: reason=class_check action=maybe_recompile pc=0x00000000032ca8fc method=com.android.dx.ssa.SsaConverter.placePhiFunctions(Lcom/android/dx/ssa/SsaMethod;Lcom/android/dx/ssa/LocalVariableInfo;I)V @ 257
Event: 13.486 Thread 0x00000000027cd800 Uncommon trap: reason=class_check action=maybe_recompile pc=0x00000000032ca8fc method=com.android.dx.ssa.SsaConverter.placePhiFunctions(Lcom/android/dx/ssa/SsaMethod;Lcom/android/dx/ssa/LocalVariableInfo;I)V @ 257
Event: 14.624 Thread 0x0000000016e2f000 Uncommon trap: reason=unstable_if action=reinterpret pc=0x0000000002e81dc0 method=com.android.dx.ssa.SetFactory.makeLivenessSet(I)Lcom/android/dx/util/IntSet; @ 4
Event: 14.624 Thread 0x0000000016e2f000 Uncommon trap: reason=unstable_if action=reinterpret pc=0x0000000002e866bc method=com.android.dx.ssa.SetFactory.makeLivenessSet(I)Lcom/android/dx/util/IntSet; @ 4
Event: 14.635 Thread 0x0000000016e2f000 Uncommon trap: reason=class_check action=maybe_recompile pc=0x0000000002e5ca24 method=com.android.dx.ssa.back.InterferenceGraph.add(II)V @ 19
Event: 14.635 Thread 0x0000000016e2f000 Uncommon trap: reason=class_check action=maybe_recompile pc=0x0000000002e5ca24 method=com.android.dx.ssa.back.InterferenceGraph.add(II)V @ 19
Event: 14.635 Thread 0x0000000016e2f000 Uncommon trap: reason=class_check action=maybe_recompile pc=0x0000000002e5ca24 method=com.android.dx.ssa.back.InterferenceGraph.add(II)V @ 19
Event: 14.635 Thread 0x0000000016e2f000 Uncommon trap: reason=class_check action=maybe_recompile pc=0x0000000002e5ca24 method=com.android.dx.ssa.back.InterferenceGraph.add(II)V @ 19
Event: 17.107 Thread 0x0000000016e2f000 Uncommon trap: reason=unstable_if action=reinterpret pc=0x0000000002be9d48 method=com.android.dx.util.BitIntSet.merge(Lcom/android/dx/util/IntSet;)V @ 89

Internal exceptions (6 events):
Event: 0.050 Thread 0x00000000027cd800 Exception <a 'java/lang/NoSuchMethodError': Method sun.misc.Unsafe.defineClass(Ljava/lang/String;[BII)Ljava/lang/Class; name or signature does not match> (0x00000000eab0d220) thrown at [C:\re\workspace\8-2-build-windows-amd64-cygwin\jdk8u60\4407\hotspot\sr‘±C*•©?
Event: 0.050 Thread 0x00000000027cd800 Exception <a 'java/lang/NoSuchMethodError': Method sun.misc.Unsafe.prefetchRead(Ljava/lang/Object;J)V name or signature does not match> (0x00000000eab0d508) thrown at [C:\re\workspace\8-2-build-windows-amd64-cygwin\jdk8u60\4407\hotspot\src\share\vm\prims\jÑðMã’f÷?
Event: 1.463 Thread 0x0000000016d6f800 Implicit null exception at 0x0000000002d684e2 to 0x0000000002d685d2
Event: 4.906 Thread 0x0000000016d6f800 Exception <a 'java/lang/ArrayIndexOutOfBoundsException': 18> (0x00000000ee9667f0) thrown at [C:\re\workspace\8-2-build-windows-amd64-cygwin\jdk8u60\4407\hotspot\src\share\vm\interpreter\interpreterRuntime.cpp, line 366]
Event: 4.907 Thread 0x0000000016d6f800 Exception <a 'java/lang/ArrayIndexOutOfBoundsException'> (0x00000000ee968370) thrown at [C:\re\workspace\8-2-build-windows-amd64-cygwin\jdk8u60\4407\hotspot\src\share\vm\runtime\sharedRuntime.cpp, line 605]
Event: 4.911 Thread 0x0000000016d6f800 Exception <a 'java/lang/ArrayIndexOutOfBoundsException'> (0x00000000ee969658) thrown at [C:\re\workspace\8-2-build-windows-amd64-cygwin\jdk8u60\4407\hotspot\src\share\vm\runtime\sharedRuntime.cpp, line 605]

Events (10 events):
Event: 17.259 Thread 0x0000000016d6f800 DEOPT UNPACKING pc=0x0000000002b0787f sp=0x00000000174ee9e0 mode 0
Event: 17.263 Thread 0x0000000016d7a800 DEOPT PACKING pc=0x0000000002f16b46 sp=0x00000000175eecd0
Event: 17.263 Thread 0x0000000016d7a800 DEOPT UNPACKING pc=0x0000000002b0787f sp=0x00000000175eea90 mode 0
Event: 17.270 Thread 0x0000000016e2f000 DEOPT PACKING pc=0x0000000002f4cf6e sp=0x00000000171eeb60
Event: 17.270 Thread 0x0000000016e2f000 DEOPT UNPACKING pc=0x0000000002b0787f sp=0x00000000171ee8c0 mode 0
Event: 17.303 Thread 0x00000000027cd800 DEOPT PACKING pc=0x0000000002f01be3 sp=0x00000000029be530
Event: 17.303 Thread 0x00000000027cd800 DEOPT UNPACKING pc=0x0000000002b0787f sp=0x00000000029be288 mode 0
Event: 17.316 Thread 0x0000000016d7a800 DEOPT PACKING pc=0x0000000002f01be3 sp=0x00000000175eee30
Event: 17.316 Thread 0x0000000016d7a800 DEOPT UNPACKING pc=0x0000000002b0787f sp=0x00000000175eeb88 mode 0
Event: 17.317 Executing VM operation: ParallelGCFailedAllocation


Dynamic libraries:
0x00007ff6a5e90000 - 0x00007ff6a5ec7000 	C:\Program Files\Java\jdk1.8.0_60\bin\java.exe
0x00007ff933350000 - 0x00007ff933512000 	C:\Windows\SYSTEM32\ntdll.dll
0x00007ff931090000 - 0x00007ff93113d000 	C:\Windows\system32\KERNEL32.DLL
0x00007ff930840000 - 0x00007ff930a1d000 	C:\Windows\system32\KERNELBASE.dll
0x00007ff930c20000 - 0x00007ff930cc6000 	C:\Windows\system32\ADVAPI32.dll
0x00007ff933100000 - 0x00007ff93319d000 	C:\Windows\system32\msvcrt.dll
0x00007ff931830000 - 0x00007ff93188b000 	C:\Windows\system32\sechost.dll
0x00007ff9311f0000 - 0x00007ff931316000 	C:\Windows\system32\RPCRT4.dll
0x00007ff931380000 - 0x00007ff9314ce000 	C:\Windows\system32\USER32.dll
0x00007ff9316a0000 - 0x00007ff931825000 	C:\Windows\system32\GDI32.dll
0x00007ff9250a0000 - 0x00007ff925314000 	C:\Windows\WinSxS\amd64_microsoft.windows.common-controls_6595b64144ccf1df_6.0.10240.16384_none_f41f7b285750ef43\COMCTL32.dll
0x00007ff930be0000 - 0x00007ff930c16000 	C:\Windows\system32\IMM32.DLL
0x00007ff931540000 - 0x00007ff93169c000 	C:\Windows\system32\MSCTF.dll
0x000000006c9e0000 - 0x000000006cab2000 	C:\Program Files\Java\jdk1.8.0_60\jre\bin\msvcr100.dll
0x000000006d210000 - 0x000000006da99000 	C:\Program Files\Java\jdk1.8.0_60\jre\bin\server\jvm.dll
0x00007ff930e00000 - 0x00007ff930e08000 	C:\Windows\system32\PSAPI.DLL
0x00007ff92b2d0000 - 0x00007ff92b2d9000 	C:\Windows\SYSTEM32\WSOCK32.dll
0x00007ff9314d0000 - 0x00007ff931539000 	C:\Windows\system32\WS2_32.dll
0x00007ff930a90000 - 0x00007ff930a98000 	C:\Windows\system32\NSI.dll
0x00007ff928c70000 - 0x00007ff928c93000 	C:\Windows\SYSTEM32\WINMM.dll
0x00007ff927ee0000 - 0x00007ff927eea000 	C:\Windows\SYSTEM32\VERSION.dll
0x00007ff928bb0000 - 0x00007ff928bdc000 	C:\Windows\SYSTEM32\WINMMBASE.dll
0x00007ff92fe20000 - 0x00007ff92fe64000 	C:\Windows\system32\cfgmgr32.dll
0x00007ff92e6f0000 - 0x00007ff92e717000 	C:\Windows\SYSTEM32\DEVOBJ.dll
0x000000006d120000 - 0x000000006d12f000 	C:\Program Files\Java\jdk1.8.0_60\jre\bin\verify.dll
0x000000006d0f0000 - 0x000000006d119000 	C:\Program Files\Java\jdk1.8.0_60\jre\bin\java.dll
0x000000006d0d0000 - 0x000000006d0e6000 	C:\Program Files\Java\jdk1.8.0_60\jre\bin\zip.dll
0x00007ff9318b0000 - 0x00007ff932dd5000 	C:\Windows\system32\SHELL32.dll
0x00007ff92ff80000 - 0x00007ff9305a8000 	C:\Windows\system32\windows.storage.dll
0x00007ff930e10000 - 0x00007ff93108c000 	C:\Windows\system32\combase.dll
0x00007ff930b80000 - 0x00007ff930bd1000 	C:\Windows\system32\shlwapi.dll
0x00007ff92fe10000 - 0x00007ff92fe1f000 	C:\Windows\system32\kernel.appcore.dll
0x00007ff9305b0000 - 0x00007ff930663000 	C:\Windows\system32\shcore.dll
0x00007ff92fd80000 - 0x00007ff92fdca000 	C:\Windows\system32\powrprof.dll
0x00007ff92fdf0000 - 0x00007ff92fe03000 	C:\Windows\system32\profapi.dll

VM Arguments:
jvm_args: -Djava.awt.headless=true -Xmx1024M -Dfile.encoding=windows-1252 -Duser.country=US -Duser.language=en -Duser.variant 
java_command: com.android.dx.command.Main --dex --num-threads=4 --output G:\AndroidProjects\SmartLocationFinder\app\build\intermediates\pre-dexed\debug\com.google.android.gms-play-services-ads-9.0.0_a5f9282f869b45d8d8feeaef968a2215793f1f34.jar G:\AndroidProjects\SmartLocationFinder\app\build\intermediates\exploded-aar\com.google.android.gms\play-services-ads\9.0.0\jars\classes.jar
java_class_path (initial): C:\Users\Public\build-tools\23.0.2\lib\dx.jar
Launcher Type: SUN_STANDARD

Environment Variables:
PATH=C:\ProgramData\Oracle\Java\javapath;C:\Windows\system32;C:\Windows;C:\Windows\System32\Wbem;C:\Windows\System32\WindowsPowerShell\v1.0\
USERNAME=Amazing Aayan
OS=Windows_NT
PROCESSOR_IDENTIFIER=Intel64 Family 6 Model 42 Stepping 7, GenuineIntel



---------------  S Y S T E M  ---------------

OS: Windows 10.0 , 64 bit Build 10240 (10.0.10240.16384)

CPU:total 4 (2 cores per cpu, 2 threads per core) family 6 model 42 stepping 7, cmov, cx8, fxsr, mmx, sse, sse2, sse3, ssse3, sse4.1, sse4.2, popcnt, avx, clmul, ht, tsc, tscinvbit

Memory: 4k page, physical 4109748k(94384k free), swap 6669748k(3712k free)

vm_info: Java HotSpot(TM) 64-Bit Server VM (25.60-b23) for windows-amd64 JRE (1.8.0_60-b27), built on Aug  4 2015 11:06:27 by "java_re" with MS VC++ 10.0 (VS2010)

time: Mon May 23 16:21:19 2016
elapsed time: 18 seconds (0d 0h 0m 18s)

