#
# There is insufficient memory for the Java Runtime Environment to continue.
# Native memory allocation (malloc) failed to allocate 32784 bytes for Chunk::new
# Possible reasons:
#   The system is out of physical RAM or swap space
#   In 32 bit mode, the process size limit was hit
# Possible solutions:
#   Reduce memory load on the system
#   Increase physical memory or swap space
#   Check if swap backing store is full
#   Use 64 bit Java on a 64 bit OS
#   Decrease Java heap size (-Xmx/-Xms)
#   Decrease number of Java threads
#   Decrease Java thread stack sizes (-Xss)
#   Set larger code cache with -XX:ReservedCodeCacheSize=
# This output file may be truncated or incomplete.
#
#  Out of Memory Error (allocation.cpp:390), pid=2832, tid=6672
#
# JRE version: Java(TM) SE Runtime Environment (8.0_60-b27) (build 1.8.0_60-b27)
# Java VM: Java HotSpot(TM) 64-Bit Server VM (25.60-b23 mixed mode windows-amd64 compressed oops)
# Failed to write core dump. Minidumps are not enabled by default on client versions of Windows
#

---------------  T H R E A D  ---------------

Current thread (0x00000000151d1000):  JavaThread "C2 CompilerThread1" daemon [_thread_in_native, id=6672, stack(0x0000000016910000,0x0000000016a10000)]

Stack: [0x0000000016910000,0x0000000016a10000]
[error occurred during error reporting (printing stack bounds), id 0xc0000005]

Native frames: (J=compiled Java code, j=interpreted, Vv=VM code, C=native code)


Current CompileTask:
C2:  51978 3147       4       com.android.dx.dex.code.RopTranslator::translateAndGetResult (48 bytes)


---------------  P R O C E S S  ---------------

Java Threads: ( => current thread )
  0x000000001722b800 JavaThread "pool-2-thread-4" [_thread_blocked, id=3324, stack(0x0000000018ce0000,0x0000000018de0000)]
  0x0000000017229000 JavaThread "pool-2-thread-3" [_thread_blocked, id=2884, stack(0x0000000018be0000,0x0000000018ce0000)]
  0x0000000016ee5000 JavaThread "pool-2-thread-2" [_thread_blocked, id=7108, stack(0x0000000018ae0000,0x0000000018be0000)]
  0x0000000016ee2800 JavaThread "pool-3-thread-1" [_thread_blocked, id=5156, stack(0x00000000189e0000,0x0000000018ae0000)]
  0x0000000016edf800 JavaThread "pool-2-thread-1" [_thread_blocked, id=4236, stack(0x00000000188e0000,0x00000000189e0000)]
  0x000000001522e000 JavaThread "Service Thread" daemon [_thread_blocked, id=7088, stack(0x0000000016f10000,0x0000000017010000)]
  0x00000000151d4800 JavaThread "C1 CompilerThread2" daemon [_thread_blocked, id=4968, stack(0x0000000016a10000,0x0000000016b10000)]
=>0x00000000151d1000 JavaThread "C2 CompilerThread1" daemon [_thread_in_native, id=6672, stack(0x0000000016910000,0x0000000016a10000)]
  0x00000000151cb000 JavaThread "C2 CompilerThread0" daemon [_thread_in_native, id=3600, stack(0x0000000016810000,0x0000000016910000)]
  0x00000000151c9800 JavaThread "Attach Listener" daemon [_thread_blocked, id=936, stack(0x0000000016710000,0x0000000016810000)]
  0x00000000151c8000 JavaThread "Signal Dispatcher" daemon [_thread_blocked, id=5272, stack(0x0000000016610000,0x0000000016710000)]
  0x0000000002ac7000 JavaThread "Finalizer" daemon [_thread_blocked, id=4656, stack(0x0000000016420000,0x0000000016520000)]
  0x0000000002abd000 JavaThread "Reference Handler" daemon [_thread_blocked, id=1132, stack(0x0000000016320000,0x0000000016420000)]
  0x00000000029bd800 JavaThread "main" [_thread_blocked, id=5080, stack(0x00000000028a0000,0x00000000029a0000)]

Other Threads:
  0x0000000015198000 VMThread [stack: 0x0000000016220000,0x0000000016320000] [id=4468]
  0x0000000016b63000 WatcherThread [stack: 0x0000000017010000,0x0000000017110000] [id=3476]

VM state:at safepoint (normal execution)

VM Mutex/Monitor currently owned by a thread:  ([mutex/lock_event])
[0x00000000029bd1a0] Threads_lock - owner thread: 0x0000000015198000
[0x00000000029bc7a0] Heap_lock - owner thread: 0x0000000017229000

Heap:
 PSYoungGen      total 232960K, used 58138K [0x00000000eab00000, 0x0000000100000000, 0x0000000100000000)
  eden space 116736K, 0% used [0x00000000eab00000,0x00000000eab00000,0x00000000f1d00000)
  from space 116224K, 50% used [0x00000000f8e80000,0x00000000fc746a90,0x0000000100000000)
  to   space 116224K, 0% used [0x00000000f1d00000,0x00000000f1d00000,0x00000000f8e80000)
 ParOldGen       total 699392K, used 664115K [0x00000000c0000000, 0x00000000eab00000, 0x00000000eab00000)
  object space 699392K, 94% used [0x00000000c0000000,0x00000000e888ccd8,0x00000000eab00000)
 Metaspace       used 6665K, capacity 7320K, committed 7680K, reserved 1056768K
  class space    used 628K, capacity 656K, committed 768K, reserved 1048576K

Card table byte_map: [0x0000000011ea0000,0x00000000120b0000] byte_map_base: 0x00000000118a0000

Marking Bits: (ParMarkBitMap*) 0x000000005787a5b0
 Begin Bits: [0x0000000012610000, 0x0000000013610000)
 End Bits:   [0x0000000013610000, 0x0000000014610000)

Polling page: 0x00000000029a0000

CodeCache: size=245760Kb used=12267Kb max_used=14000Kb free=233492Kb
 bounds [0x0000000002ae0000, 0x00000000038a0000, 0x0000000011ae0000]
 total_blobs=2773 nmethods=2503 adapters=182
 compilation: enabled

Compilation events (10 events):
Event: 48.727 Thread 0x00000000151d1000 3131       4       com.android.dx.util.IntList::insert (115 bytes)
Event: 48.734 Thread 0x00000000151d1000 nmethod 3131 0x0000000002fb1650 code [0x0000000002fb17a0, 0x0000000002fb1c38]
Event: 48.734 Thread 0x00000000151d1000 3141       4       com.android.dx.ssa.back.InterferenceGraph::mergeInterferenceSet (29 bytes)
Event: 48.739 Thread 0x00000000151cb000 nmethod 3130 0x000000000309fc10 code [0x000000000309fd80, 0x00000000030a0478]
Event: 48.763 Thread 0x00000000151d1000 nmethod 3141 0x0000000002e031d0 code [0x0000000002e03360, 0x0000000002e03bb8]
Event: 51.247 Thread 0x00000000151cb000 3145       4       com.android.dx.dex.code.OutputFinisher::<init> (48 bytes)
Event: 51.249 Thread 0x00000000151d1000 3146       4       java.lang.System$2::getEnumConstantsShared (8 bytes)
Event: 51.250 Thread 0x00000000151d1000 nmethod 3146 0x000000000309f8d0 code [0x000000000309fa20, 0x000000000309fad8]
Event: 51.251 Thread 0x00000000151cb000 nmethod 3145 0x0000000002f4e210 code [0x0000000002f4e360, 0x0000000002f4e598]
Event: 51.260 Thread 0x00000000151d1000 3147       4       com.android.dx.dex.code.RopTranslator::translateAndGetResult (48 bytes)

GC Heap History (10 events):
Event: 44.158 GC heap before
{Heap before GC invocations=35 (full 5):
 PSYoungGen      total 232960K, used 194338K [0x00000000eab00000, 0x0000000100000000, 0x0000000100000000)
  eden space 116736K, 100% used [0x00000000eab00000,0x00000000f1d00000,0x00000000f1d00000)
  from space 116224K, 66% used [0x00000000f1d00000,0x00000000f68c8910,0x00000000f8e80000)
  to   space 116224K, 0% used [0x00000000f8e80000,0x00000000f8e80000,0x0000000100000000)
 ParOldGen       total 535040K, used 424499K [0x00000000c0000000, 0x00000000e0a80000, 0x00000000eab00000)
  object space 535040K, 79% used [0x00000000c0000000,0x00000000d9e8cee0,0x00000000e0a80000)
 Metaspace       used 6665K, capacity 7320K, committed 7680K, reserved 1056768K
  class space    used 628K, capacity 656K, committed 768K, reserved 1048576K
Event: 44.278 GC heap after
Heap after GC invocations=35 (full 5):
 PSYoungGen      total 232960K, used 93083K [0x00000000eab00000, 0x0000000100000000, 0x0000000100000000)
  eden space 116736K, 0% used [0x00000000eab00000,0x00000000eab00000,0x00000000f1d00000)
  from space 116224K, 80% used [0x00000000f8e80000,0x00000000fe966e50,0x0000000100000000)
  to   space 116224K, 0% used [0x00000000f1d00000,0x00000000f1d00000,0x00000000f8e80000)
 ParOldGen       total 535040K, used 463554K [0x00000000c0000000, 0x00000000e0a80000, 0x00000000eab00000)
  object space 535040K, 86% used [0x00000000c0000000,0x00000000dc4b0a30,0x00000000e0a80000)
 Metaspace       used 6665K, capacity 7320K, committed 7680K, reserved 1056768K
  class space    used 628K, capacity 656K, committed 768K, reserved 1048576K
}
Event: 45.171 GC heap before
{Heap before GC invocations=36 (full 5):
 PSYoungGen      total 232960K, used 209819K [0x00000000eab00000, 0x0000000100000000, 0x0000000100000000)
  eden space 116736K, 100% used [0x00000000eab00000,0x00000000f1d00000,0x00000000f1d00000)
  from space 116224K, 80% used [0x00000000f8e80000,0x00000000fe966e50,0x0000000100000000)
  to   space 116224K, 0% used [0x00000000f1d00000,0x00000000f1d00000,0x00000000f8e80000)
 ParOldGen       total 535040K, used 463554K [0x00000000c0000000, 0x00000000e0a80000, 0x00000000eab00000)
  object space 535040K, 86% used [0x00000000c0000000,0x00000000dc4b0a30,0x00000000e0a80000)
 Metaspace       used 6665K, capacity 7320K, committed 7680K, reserved 1056768K
  class space    used 628K, capacity 656K, committed 768K, reserved 1048576K
Event: 45.267 GC heap after
Heap after GC invocations=36 (full 5):
 PSYoungGen      total 232960K, used 50387K [0x00000000eab00000, 0x0000000100000000, 0x0000000100000000)
  eden space 116736K, 0% used [0x00000000eab00000,0x00000000eab00000,0x00000000f1d00000)
  from space 116224K, 43% used [0x00000000f1d00000,0x00000000f4e34e00,0x00000000f8e80000)
  to   space 116224K, 0% used [0x00000000f8e80000,0x00000000f8e80000,0x0000000100000000)
 ParOldGen       total 535040K, used 501965K [0x00000000c0000000, 0x00000000e0a80000, 0x00000000eab00000)
  object space 535040K, 93% used [0x00000000c0000000,0x00000000dea337c8,0x00000000e0a80000)
 Metaspace       used 6665K, capacity 7320K, committed 7680K, reserved 1056768K
  class space    used 628K, capacity 656K, committed 768K, reserved 1048576K
}
Event: 45.267 GC heap before
{Heap before GC invocations=37 (full 6):
 PSYoungGen      total 232960K, used 50387K [0x00000000eab00000, 0x0000000100000000, 0x0000000100000000)
  eden space 116736K, 0% used [0x00000000eab00000,0x00000000eab00000,0x00000000f1d00000)
  from space 116224K, 43% used [0x00000000f1d00000,0x00000000f4e34e00,0x00000000f8e80000)
  to   space 116224K, 0% used [0x00000000f8e80000,0x00000000f8e80000,0x0000000100000000)
 ParOldGen       total 535040K, used 501965K [0x00000000c0000000, 0x00000000e0a80000, 0x00000000eab00000)
  object space 535040K, 93% used [0x00000000c0000000,0x00000000dea337c8,0x00000000e0a80000)
 Metaspace       used 6665K, capacity 7320K, committed 7680K, reserved 1056768K
  class space    used 628K, capacity 656K, committed 768K, reserved 1048576K
Event: 48.585 GC heap after
Heap after GC invocations=37 (full 6):
 PSYoungGen      total 232960K, used 15483K [0x00000000eab00000, 0x0000000100000000, 0x0000000100000000)
  eden space 116736K, 0% used [0x00000000eab00000,0x00000000eab00000,0x00000000f1d00000)
  from space 116224K, 13% used [0x00000000f1d00000,0x00000000f2c1ed30,0x00000000f8e80000)
  to   space 116224K, 0% used [0x00000000f8e80000,0x00000000f8e80000,0x0000000100000000)
 ParOldGen       total 535040K, used 534875K [0x00000000c0000000, 0x00000000e0a80000, 0x00000000eab00000)
  object space 535040K, 99% used [0x00000000c0000000,0x00000000e0a56e20,0x00000000e0a80000)
 Metaspace       used 6665K, capacity 7320K, committed 7680K, reserved 1056768K
  class space    used 628K, capacity 656K, committed 768K, reserved 1048576K
}
Event: 48.997 GC heap before
{Heap before GC invocations=38 (full 7):
 PSYoungGen      total 232960K, used 132219K [0x00000000eab00000, 0x0000000100000000, 0x0000000100000000)
  eden space 116736K, 100% used [0x00000000eab00000,0x00000000f1d00000,0x00000000f1d00000)
  from space 116224K, 13% used [0x00000000f1d00000,0x00000000f2c1ed30,0x00000000f8e80000)
  to   space 116224K, 0% used [0x00000000f8e80000,0x00000000f8e80000,0x0000000100000000)
 ParOldGen       total 535040K, used 534875K [0x00000000c0000000, 0x00000000e0a80000, 0x00000000eab00000)
  object space 535040K, 99% used [0x00000000c0000000,0x00000000e0a56e20,0x00000000e0a80000)
 Metaspace       used 6665K, capacity 7320K, committed 7680K, reserved 1056768K
  class space    used 628K, capacity 656K, committed 768K, reserved 1048576K
Event: 51.002 GC heap after
Heap after GC invocations=38 (full 7):
 PSYoungGen      total 232960K, used 69688K [0x00000000eab00000, 0x0000000100000000, 0x0000000100000000)
  eden space 116736K, 59% used [0x00000000eab00000,0x00000000eef0e248,0x00000000f1d00000)
  from space 116224K, 0% used [0x00000000f1d00000,0x00000000f1d00000,0x00000000f8e80000)
  to   space 116224K, 0% used [0x00000000f8e80000,0x00000000f8e80000,0x0000000100000000)
 ParOldGen       total 699392K, used 534705K [0x00000000c0000000, 0x00000000eab00000, 0x00000000eab00000)
  object space 699392K, 76% used [0x00000000c0000000,0x00000000e0a2c5f0,0x00000000eab00000)
 Metaspace       used 6665K, capacity 7320K, committed 7680K, reserved 1056768K
  class space    used 628K, capacity 656K, committed 768K, reserved 1048576K
}
Event: 51.069 GC heap before
{Heap before GC invocations=39 (full 7):
 PSYoungGen      total 232960K, used 116736K [0x00000000eab00000, 0x0000000100000000, 0x0000000100000000)
  eden space 116736K, 100% used [0x00000000eab00000,0x00000000f1d00000,0x00000000f1d00000)
  from space 116224K, 0% used [0x00000000f1d00000,0x00000000f1d00000,0x00000000f8e80000)
  to   space 116224K, 0% used [0x00000000f8e80000,0x00000000f8e80000,0x0000000100000000)
 ParOldGen       total 699392K, used 534705K [0x00000000c0000000, 0x00000000eab00000, 0x00000000eab00000)
  object space 699392K, 76% used [0x00000000c0000000,0x00000000e0a2c5f0,0x00000000eab00000)
 Metaspace       used 6665K, capacity 7320K, committed 7680K, reserved 1056768K
  class space    used 628K, capacity 656K, committed 768K, reserved 1048576K
Event: 51.227 GC heap after
Heap after GC invocations=39 (full 7):
 PSYoungGen      total 232960K, used 70349K [0x00000000eab00000, 0x0000000100000000, 0x0000000100000000)
  eden space 116736K, 0% used [0x00000000eab00000,0x00000000eab00000,0x00000000f1d00000)
  from space 116224K, 60% used [0x00000000f8e80000,0x00000000fd3335f8,0x0000000100000000)
  to   space 116224K, 0% used [0x00000000f1d00000,0x00000000f1d00000,0x00000000f8e80000)
 ParOldGen       total 699392K, used 544176K [0x00000000c0000000, 0x00000000eab00000, 0x00000000eab00000)
  object space 699392K, 77% used [0x00000000c0000000,0x00000000e136c358,0x00000000eab00000)
 Metaspace       used 6665K, capacity 7320K, committed 7680K, reserved 1056768K
  class space    used 628K, capacity 656K, committed 768K, reserved 1048576K
}

Deoptimization events (10 events):
Event: 44.783 Thread 0x0000000017229000 Uncommon trap: reason=class_check action=maybe_recompile pc=0x0000000002ea55a0 method=com.android.dx.ssa.back.InterferenceGraph.add(II)V @ 19
Event: 44.783 Thread 0x0000000017229000 Uncommon trap: reason=class_check action=maybe_recompile pc=0x000000000339e430 method=com.android.dx.ssa.back.InterferenceGraph.add(II)V @ 19
Event: 44.971 Thread 0x0000000017229000 Uncommon trap: reason=class_check action=maybe_recompile pc=0x000000000345e9b4 method=com.android.dx.ssa.back.InterferenceGraph.mergeInterferenceSet(ILcom/android/dx/util/IntSet;)V @ 20
Event: 44.971 Thread 0x0000000017229000 Uncommon trap: reason=class_check action=maybe_recompile pc=0x0000000002e82a84 method=com.android.dx.util.BitIntSet.merge(Lcom/android/dx/util/IntSet;)V @ 1
Event: 44.973 Thread 0x0000000017229000 Uncommon trap: reason=class_check action=maybe_recompile pc=0x000000000345e9b4 method=com.android.dx.ssa.back.InterferenceGraph.mergeInterferenceSet(ILcom/android/dx/util/IntSet;)V @ 20
Event: 44.973 Thread 0x0000000017229000 Uncommon trap: reason=class_check action=maybe_recompile pc=0x0000000002e82a84 method=com.android.dx.util.BitIntSet.merge(Lcom/android/dx/util/IntSet;)V @ 1
Event: 44.973 Thread 0x0000000017229000 Uncommon trap: reason=class_check action=maybe_recompile pc=0x000000000345e9b4 method=com.android.dx.ssa.back.InterferenceGraph.mergeInterferenceSet(ILcom/android/dx/util/IntSet;)V @ 20
Event: 44.973 Thread 0x0000000017229000 Uncommon trap: reason=class_check action=maybe_recompile pc=0x0000000002e82a84 method=com.android.dx.util.BitIntSet.merge(Lcom/android/dx/util/IntSet;)V @ 1
Event: 44.978 Thread 0x0000000017229000 Uncommon trap: reason=class_check action=maybe_recompile pc=0x000000000345e9b4 method=com.android.dx.ssa.back.InterferenceGraph.mergeInterferenceSet(ILcom/android/dx/util/IntSet;)V @ 20
Event: 44.978 Thread 0x0000000017229000 Uncommon trap: reason=class_check action=maybe_recompile pc=0x0000000002e82a84 method=com.android.dx.util.BitIntSet.merge(Lcom/android/dx/util/IntSet;)V @ 1

Internal exceptions (9 events):
Event: 0.034 Thread 0x00000000029bd800 Exception <a 'java/lang/NoSuchMethodError': Method sun.misc.Unsafe.defineClass(Ljava/lang/String;[BII)Ljava/lang/Class; name or signature does not match> (0x00000000eab0d120) thrown at [C:\re\workspace\8-2-build-windows-amd64-cygwin\jdk8u60\4407\hotspot\srÒ?≤àêë°?
Event: 0.034 Thread 0x00000000029bd800 Exception <a 'java/lang/NoSuchMethodError': Method sun.misc.Unsafe.prefetchRead(Ljava/lang/Object;J)V name or signature does not match> (0x00000000eab0d408) thrown at [C:\re\workspace\8-2-build-windows-amd64-cygwin\jdk8u60\4407\hotspot\src\share\vm\prims\j&dª« ˙?
Event: 1.633 Thread 0x0000000016edf800 Implicit null exception at 0x0000000002e29ee2 to 0x0000000002e29fe1
Event: 2.286 Thread 0x0000000017229000 Implicit null exception at 0x0000000002f8f693 to 0x0000000002f8f7fd
Event: 2.464 Thread 0x000000001722b800 Exception <a 'java/lang/ArrayIndexOutOfBoundsException': 18> (0x00000000eca6bf10) thrown at [C:\re\workspace\8-2-build-windows-amd64-cygwin\jdk8u60\4407\hotspot\src\share\vm\interpreter\interpreterRuntime.cpp, line 366]
Event: 2.464 Thread 0x000000001722b800 Exception <a 'java/lang/ArrayIndexOutOfBoundsException': 145> (0x00000000eca6da90) thrown at [C:\re\workspace\8-2-build-windows-amd64-cygwin\jdk8u60\4407\hotspot\src\share\vm\interpreter\interpreterRuntime.cpp, line 366]
Event: 2.465 Thread 0x000000001722b800 Exception <a 'java/lang/ArrayIndexOutOfBoundsException'> (0x00000000eca6ed78) thrown at [C:\re\workspace\8-2-build-windows-amd64-cygwin\jdk8u60\4407\hotspot\src\share\vm\runtime\sharedRuntime.cpp, line 605]
Event: 13.323 Thread 0x000000001722b800 Implicit null exception at 0x0000000002e5f600 to 0x0000000002e65129
Event: 14.166 Thread 0x00000000029bd800 Implicit null exception at 0x0000000002c3a378 to 0x0000000002c3a7f5

Events (10 events):
Event: 44.978 Thread 0x0000000017229000 DEOPT UNPACKING pc=0x0000000002b2582a sp=0x0000000018cdee10 mode 2
Event: 44.978 Thread 0x0000000017229000 Uncommon trap: trap_request=0xffffffde fr.pc=0x0000000002e82a84
Event: 44.978 Thread 0x0000000017229000 DEOPT PACKING pc=0x0000000002e82a84 sp=0x0000000018cdedc0
Event: 44.978 Thread 0x0000000017229000 DEOPT UNPACKING pc=0x0000000002b2582a sp=0x0000000018cded90 mode 2
Event: 45.165 Executing VM operation: ParallelGCFailedAllocation
Event: 48.585 Executing VM operation: ParallelGCFailedAllocation done
Event: 48.997 Executing VM operation: ParallelGCFailedAllocation
Event: 51.002 Executing VM operation: ParallelGCFailedAllocation done
Event: 51.068 Executing VM operation: ParallelGCFailedAllocation
Event: 51.227 Executing VM operation: ParallelGCFailedAllocation done


Dynamic libraries:
0x00007ff60d6e0000 - 0x00007ff60d717000 	C:\Program Files\Java\jdk1.8.0_60\bin\java.exe
0x00007ffaa6ef0000 - 0x00007ffaa70b2000 	C:\Windows\SYSTEM32\ntdll.dll
0x00007ffaa6e30000 - 0x00007ffaa6edd000 	C:\Windows\system32\KERNEL32.DLL
0x00007ffaa3b30000 - 0x00007ffaa3d0d000 	C:\Windows\system32\KERNELBASE.dll
0x00007ffaa60d0000 - 0x00007ffaa6176000 	C:\Windows\system32\ADVAPI32.dll
0x00007ffaa5ee0000 - 0x00007ffaa5f7d000 	C:\Windows\system32\msvcrt.dll
0x00007ffaa61e0000 - 0x00007ffaa623b000 	C:\Windows\system32\sechost.dll
0x00007ffaa6790000 - 0x00007ffaa68b6000 	C:\Windows\system32\RPCRT4.dll
0x00007ffaa6c70000 - 0x00007ffaa6dbe000 	C:\Windows\system32\USER32.dll
0x00007ffaa68c0000 - 0x00007ffaa6a45000 	C:\Windows\system32\GDI32.dll
0x00007ffa99780000 - 0x00007ffa999f4000 	C:\Windows\WinSxS\amd64_microsoft.windows.common-controls_6595b64144ccf1df_6.0.10240.16384_none_f41f7b285750ef43\COMCTL32.dll
0x00007ffaa5d90000 - 0x00007ffaa5dc6000 	C:\Windows\system32\IMM32.DLL
0x00007ffaa4700000 - 0x00007ffaa485c000 	C:\Windows\system32\MSCTF.dll
0x0000000056ad0000 - 0x0000000056ba2000 	C:\Program Files\Java\jdk1.8.0_60\jre\bin\msvcr100.dll
0x0000000057070000 - 0x00000000578f9000 	C:\Program Files\Java\jdk1.8.0_60\jre\bin\server\jvm.dll
0x00007ffaa6240000 - 0x00007ffaa6248000 	C:\Windows\system32\PSAPI.DLL
0x00007ffa9a7b0000 - 0x00007ffa9a7ba000 	C:\Windows\SYSTEM32\VERSION.dll
0x00007ffa949d0000 - 0x00007ffa949f3000 	C:\Windows\SYSTEM32\WINMM.dll
0x00007ffa946b0000 - 0x00007ffa946b9000 	C:\Windows\SYSTEM32\WSOCK32.dll
0x00007ffaa6a50000 - 0x00007ffaa6ab9000 	C:\Windows\system32\WS2_32.dll
0x00007ffa949a0000 - 0x00007ffa949cc000 	C:\Windows\SYSTEM32\WINMMBASE.dll
0x00007ffaa6ee0000 - 0x00007ffaa6ee8000 	C:\Windows\system32\NSI.dll
0x00007ffaa3a80000 - 0x00007ffaa3ac4000 	C:\Windows\system32\cfgmgr32.dll
0x00007ffaa21f0000 - 0x00007ffaa2217000 	C:\Windows\SYSTEM32\DEVOBJ.dll
0x0000000056f80000 - 0x0000000056f8f000 	C:\Program Files\Java\jdk1.8.0_60\jre\bin\verify.dll
0x0000000056f50000 - 0x0000000056f79000 	C:\Program Files\Java\jdk1.8.0_60\jre\bin\java.dll
0x0000000056f30000 - 0x0000000056f46000 	C:\Program Files\Java\jdk1.8.0_60\jre\bin\zip.dll
0x00007ffaa4860000 - 0x00007ffaa5d85000 	C:\Windows\system32\SHELL32.dll
0x00007ffaa3d10000 - 0x00007ffaa4338000 	C:\Windows\system32\windows.storage.dll
0x00007ffaa6340000 - 0x00007ffaa65bc000 	C:\Windows\system32\combase.dll
0x00007ffaa5dd0000 - 0x00007ffaa5e21000 	C:\Windows\system32\shlwapi.dll
0x00007ffaa39b0000 - 0x00007ffaa39bf000 	C:\Windows\system32\kernel.appcore.dll
0x00007ffaa39c0000 - 0x00007ffaa3a73000 	C:\Windows\system32\shcore.dll
0x00007ffaa3960000 - 0x00007ffaa39aa000 	C:\Windows\system32\powrprof.dll
0x00007ffaa3920000 - 0x00007ffaa3933000 	C:\Windows\system32\profapi.dll

VM Arguments:
jvm_args: -Djava.awt.headless=true -Xmx1024M -Dfile.encoding=windows-1252 -Duser.country=US -Duser.language=en -Duser.variant 
java_command: com.android.dx.command.Main --dex --num-threads=4 --multi-dex --main-dex-list G:\AndroidProjects\SmartLocationFinder\app\build\intermediates\multi-dex\debug\maindexlist.txt --output G:\AndroidProjects\SmartLocationFinder\app\build\intermediates\transforms\dex\debug\folders\1000\1f\main G:\AndroidProjects\SmartLocationFinder\app\build\intermediates\transforms\jarMerging\debug\jars\1\1f\combined.jar
java_class_path (initial): C:\Users\Public\build-tools\23.0.2\lib\dx.jar
Launcher Type: SUN_STANDARD

Environment Variables:
PATH=C:\ProgramData\Oracle\Java\javapath;C:\Windows\system32;C:\Windows;C:\Windows\System32\Wbem;C:\Windows\System32\WindowsPowerShell\v1.0\
USERNAME=Amazing Aayan
OS=Windows_NT
PROCESSOR_IDENTIFIER=Intel64 Family 6 Model 42 Stepping 7, GenuineIntel



---------------  S Y S T E M  ---------------

OS: Windows 10.0 , 64 bit Build 10240 (10.0.10240.16384)

CPU:total 4 (2 cores per cpu, 2 threads per core) family 6 model 42 stepping 7, cmov, cx8, fxsr, mmx, sse, sse2, sse3, ssse3, sse4.1, sse4.2, popcnt, avx, clmul, ht, tsc, tscinvbit

Memory: 4k page, physical 4109748k(48844k free), swap 6669748k(1176k free)

vm_info: Java HotSpot(TM) 64-Bit Server VM (25.60-b23) for windows-amd64 JRE (1.8.0_60-b27), built on Aug  4 2015 11:06:27 by "java_re" with MS VC++ 10.0 (VS2010)

time: Thu May 26 01:34:12 2016
elapsed time: 52 seconds (0d 0h 0m 52s)

