#
# There is insufficient memory for the Java Runtime Environment to continue.
# Native memory allocation (malloc) failed to allocate 1048576 bytes for AllocateHeap
# Possible reasons:
#   The system is out of physical RAM or swap space
#   In 32 bit mode, the process size limit was hit
# Possible solutions:
#   Reduce memory load on the system
#   Increase physical memory or swap space
#   Check if swap backing store is full
#   Use 64 bit Java on a 64 bit OS
#   Decrease Java heap size (-Xmx/-Xms)
#   Decrease number of Java threads
#   Decrease Java thread stack sizes (-Xss)
#   Set larger code cache with -XX:ReservedCodeCacheSize=
# This output file may be truncated or incomplete.
#
#  Out of Memory Error (memory/allocation.inline.hpp:61), pid=480, tid=3644
#
# JRE version:  (8.0_60-b27) (build )
# Java VM: Java HotSpot(TM) 64-Bit Server VM (25.60-b23 mixed mode windows-amd64 compressed oops)
# Failed to write core dump. Minidumps are not enabled by default on client versions of Windows
#

---------------  T H R E A D  ---------------

Current thread (0x000000000262d800):  JavaThread "Unknown thread" [_thread_in_vm, id=3644, stack(0x00000000024a0000,0x00000000025a0000)]

Stack: [0x00000000024a0000,0x00000000025a0000]
[error occurred during error reporting (printing stack bounds), id 0xc0000005]

Native frames: (J=compiled Java code, j=interpreted, Vv=VM code, C=native code)


---------------  P R O C E S S  ---------------

Java Threads: ( => current thread )

Other Threads:

=>0x000000000262d800 (exited) JavaThread "Unknown thread" [_thread_in_vm, id=3644, stack(0x00000000024a0000,0x00000000025a0000)]

VM state:not at safepoint (normal execution)

VM Mutex/Monitor currently owned by a thread: None

Heap:
 PSYoungGen      total 18944K, used 327K [0x00000000eab00000, 0x00000000ec000000, 0x0000000100000000)
  eden space 16384K, 2% used [0x00000000eab00000,0x00000000eab51ec8,0x00000000ebb00000)
  from space 2560K, 0% used [0x00000000ebd80000,0x00000000ebd80000,0x00000000ec000000)
  to   space 2560K, 0% used [0x00000000ebb00000,0x00000000ebb00000,0x00000000ebd80000)
 ParOldGen       total 44032K, used 0K [0x00000000c0000000, 0x00000000c2b00000, 0x00000000eab00000)
  object space 44032K, 0% used [0x00000000c0000000,0x00000000c0000000,0x00000000c2b00000)
 Metaspace       used 781K, capacity 1092K, committed 1152K, reserved 1060864K
  class space    used 75K, capacity 384K, committed 384K, reserved 1048576K

Card table byte_map: [0x0000000011af0000,0x0000000011d00000] byte_map_base: 0x00000000114f0000

Marking Bits: (ParMarkBitMap*) 0x000000005456a5b0
 Begin Bits: [0x0000000012260000, 0x0000000013260000)
 End Bits:   [0x0000000013260000, 0x0000000014260000)

Polling page: 0x0000000000cc0000

CodeCache: size=245760Kb used=328Kb max_used=328Kb free=245431Kb
 bounds [0x0000000002730000, 0x00000000029a0000, 0x0000000011730000]
 total_blobs=57 nmethods=0 adapters=37
 compilation: enabled

Compilation events (0 events):
No events

GC Heap History (0 events):
No events

Deoptimization events (0 events):
No events

Internal exceptions (0 events):
No events

Events (10 events):
Event: 0.035 loading class java/lang/Short
Event: 0.035 loading class java/lang/Short done
Event: 0.035 loading class java/lang/Integer
Event: 0.035 loading class java/lang/Integer done
Event: 0.035 loading class java/lang/Long
Event: 0.035 loading class java/lang/Long done
Event: 0.036 loading class java/lang/NullPointerException
Event: 0.036 loading class java/lang/NullPointerException done
Event: 0.036 loading class java/lang/ArithmeticException
Event: 0.036 loading class java/lang/ArithmeticException done


Dynamic libraries:
0x00007ff697990000 - 0x00007ff6979c7000 	C:\Program Files\Java\jdk1.8.0_60\bin\java.exe
0x00007ff86b3c0000 - 0x00007ff86b582000 	C:\Windows\SYSTEM32\ntdll.dll
0x00007ff86ad50000 - 0x00007ff86adfd000 	C:\Windows\system32\KERNEL32.DLL
0x00007ff8688b0000 - 0x00007ff868a8d000 	C:\Windows\system32\KERNELBASE.dll
0x00007ff86a930000 - 0x00007ff86a9d6000 	C:\Windows\system32\ADVAPI32.dll
0x00007ff86b320000 - 0x00007ff86b3bd000 	C:\Windows\system32\msvcrt.dll
0x00007ff869340000 - 0x00007ff86939b000 	C:\Windows\system32\sechost.dll
0x00007ff86b120000 - 0x00007ff86b246000 	C:\Windows\system32\RPCRT4.dll
0x00007ff86afd0000 - 0x00007ff86b11e000 	C:\Windows\system32\USER32.dll
0x00007ff868aa0000 - 0x00007ff868c25000 	C:\Windows\system32\GDI32.dll
0x00007ff85e580000 - 0x00007ff85e7f4000 	C:\Windows\WinSxS\amd64_microsoft.windows.common-controls_6595b64144ccf1df_6.0.10240.16384_none_f41f7b285750ef43\COMCTL32.dll
0x00007ff86acf0000 - 0x00007ff86ad26000 	C:\Windows\system32\IMM32.DLL
0x00007ff868ec0000 - 0x00007ff86901c000 	C:\Windows\system32\MSCTF.dll
0x0000000053530000 - 0x0000000053602000 	C:\Program Files\Java\jdk1.8.0_60\jre\bin\msvcr100.dll
0x0000000053d60000 - 0x00000000545e9000 	C:\Program Files\Java\jdk1.8.0_60\jre\bin\server\jvm.dll
0x00007ff868c30000 - 0x00007ff868c38000 	C:\Windows\system32\PSAPI.DLL
0x00007ff865d20000 - 0x00007ff865d29000 	C:\Windows\SYSTEM32\WSOCK32.dll
0x00007ff86aac0000 - 0x00007ff86ab29000 	C:\Windows\system32\WS2_32.dll
0x00007ff868a90000 - 0x00007ff868a98000 	C:\Windows\system32\NSI.dll
0x00007ff858540000 - 0x00007ff858563000 	C:\Windows\SYSTEM32\WINMM.dll
0x00007ff85dc80000 - 0x00007ff85dc8a000 	C:\Windows\SYSTEM32\VERSION.dll
0x00007ff858510000 - 0x00007ff85853c000 	C:\Windows\SYSTEM32\WINMMBASE.dll
0x00007ff867ef0000 - 0x00007ff867f34000 	C:\Windows\system32\cfgmgr32.dll
0x00007ff8666c0000 - 0x00007ff8666e7000 	C:\Windows\SYSTEM32\DEVOBJ.dll
0x0000000053c70000 - 0x0000000053c7f000 	C:\Program Files\Java\jdk1.8.0_60\jre\bin\verify.dll
0x0000000053c40000 - 0x0000000053c69000 	C:\Program Files\Java\jdk1.8.0_60\jre\bin\java.dll
0x0000000053c20000 - 0x0000000053c36000 	C:\Program Files\Java\jdk1.8.0_60\jre\bin\zip.dll

VM Arguments:
jvm_args: -Djava.awt.headless=true -Xmx1024M -Dfile.encoding=windows-1252 -Duser.country=US -Duser.language=en -Duser.variant 
java_command: com.android.dx.command.Main --dex --num-threads=4 --output G:\AndroidProjects\SmartLocationFinder\app\build\intermediates\pre-dexed\debug\com.android.support-appcompat-v7-23.4.0_547dfdd6709da74815b8405147e7bf3128d48430.jar G:\AndroidProjects\SmartLocationFinder\app\build\intermediates\exploded-aar\com.android.support\appcompat-v7\23.4.0\jars\classes.jar
java_class_path (initial): C:\Users\Public\build-tools\23.0.2\lib\dx.jar
Launcher Type: SUN_STANDARD

Environment Variables:
PATH=C:\ProgramData\Oracle\Java\javapath;C:\Windows\system32;C:\Windows;C:\Windows\System32\Wbem;C:\Windows\System32\WindowsPowerShell\v1.0\
USERNAME=Amazing Aayan
OS=Windows_NT
PROCESSOR_IDENTIFIER=Intel64 Family 6 Model 42 Stepping 7, GenuineIntel



---------------  S Y S T E M  ---------------

OS: Windows 10.0 , 64 bit Build 10240 (10.0.10240.16384)

CPU:total 4 (2 cores per cpu, 2 threads per core) family 6 model 42 stepping 7, cmov, cx8, fxsr, mmx, sse, sse2, sse3, ssse3, sse4.1, sse4.2, popcnt, avx, clmul, ht, tsc, tscinvbit

Memory: 4k page, physical 4109748k(319600k free), swap 6669748k(6836k free)

vm_info: Java HotSpot(TM) 64-Bit Server VM (25.60-b23) for windows-amd64 JRE (1.8.0_60-b27), built on Aug  4 2015 11:06:27 by "java_re" with MS VC++ 10.0 (VS2010)

time: Sun May 22 00:57:18 2016
elapsed time: 0 seconds (0d 0h 0m 0s)

