#
# There is insufficient memory for the Java Runtime Environment to continue.
# Native memory allocation (malloc) failed to allocate 558976 bytes for Chunk::new
# Possible reasons:
#   The system is out of physical RAM or swap space
#   In 32 bit mode, the process size limit was hit
# Possible solutions:
#   Reduce memory load on the system
#   Increase physical memory or swap space
#   Check if swap backing store is full
#   Use 64 bit Java on a 64 bit OS
#   Decrease Java heap size (-Xmx/-Xms)
#   Decrease number of Java threads
#   Decrease Java thread stack sizes (-Xss)
#   Set larger code cache with -XX:ReservedCodeCacheSize=
# This output file may be truncated or incomplete.
#
#  Out of Memory Error (allocation.cpp:390), pid=1144, tid=5416
#
# JRE version: Java(TM) SE Runtime Environment (8.0_60-b27) (build 1.8.0_60-b27)
# Java VM: Java HotSpot(TM) 64-Bit Server VM (25.60-b23 mixed mode windows-amd64 compressed oops)
# Failed to write core dump. Minidumps are not enabled by default on client versions of Windows
#

---------------  T H R E A D  ---------------

Current thread (0x0000000014a90000):  JavaThread "C2 CompilerThread1" daemon [_thread_in_native, id=5416, stack(0x00000000161d0000,0x00000000162d0000)]

Stack: [0x00000000161d0000,0x00000000162d0000]
[error occurred during error reporting (printing stack bounds), id 0xc0000005]

Native frames: (J=compiled Java code, j=interpreted, Vv=VM code, C=native code)


Current CompileTask:
C2:   5005 1306       4       com.android.dx.cf.code.ValueAwareMachine::run (1142 bytes)


---------------  P R O C E S S  ---------------

Java Threads: ( => current thread )
  0x0000000016666000 JavaThread "pool-1-thread-4" [_thread_blocked, id=6520, stack(0x0000000016dd0000,0x0000000016ed0000)]
  0x0000000016665000 JavaThread "pool-1-thread-3" [_thread_blocked, id=5384, stack(0x0000000016cd0000,0x0000000016dd0000)]
  0x0000000016664800 JavaThread "pool-1-thread-2" [_thread_blocked, id=7952, stack(0x0000000016bd0000,0x0000000016cd0000)]
  0x0000000016647000 JavaThread "pool-2-thread-1" [_thread_blocked, id=3888, stack(0x0000000016ad0000,0x0000000016bd0000)]
  0x000000001663d000 JavaThread "pool-1-thread-1" [_thread_blocked, id=7700, stack(0x00000000169d0000,0x0000000016ad0000)]
  0x00000000163d5800 JavaThread "Service Thread" daemon [_thread_blocked, id=5796, stack(0x00000000167d0000,0x00000000168d0000)]
  0x0000000014ae8800 JavaThread "C1 CompilerThread2" daemon [_thread_blocked, id=5344, stack(0x00000000162d0000,0x00000000163d0000)]
=>0x0000000014a90000 JavaThread "C2 CompilerThread1" daemon [_thread_in_native, id=5416, stack(0x00000000161d0000,0x00000000162d0000)]
  0x0000000014a8a000 JavaThread "C2 CompilerThread0" daemon [_thread_in_native, id=5720, stack(0x00000000160d0000,0x00000000161d0000)]
  0x0000000014a88800 JavaThread "Attach Listener" daemon [_thread_blocked, id=6420, stack(0x0000000015fd0000,0x00000000160d0000)]
  0x0000000014a87000 JavaThread "Signal Dispatcher" daemon [_thread_blocked, id=2784, stack(0x0000000015ed0000,0x0000000015fd0000)]
  0x00000000023b6000 JavaThread "Finalizer" daemon [_thread_blocked, id=6184, stack(0x0000000015cf0000,0x0000000015df0000)]
  0x00000000023ad000 JavaThread "Reference Handler" daemon [_thread_blocked, id=7964, stack(0x0000000015bf0000,0x0000000015cf0000)]
  0x00000000009bd800 JavaThread "main" [_thread_in_Java, id=6912, stack(0x00000000021c0000,0x00000000022c0000)]

Other Threads:
  0x0000000014a58000 VMThread [stack: 0x0000000015af0000,0x0000000015bf0000] [id=1728]
  0x00000000163d8800 WatcherThread [stack: 0x00000000168d0000,0x00000000169d0000] [id=3620]

VM state:not at safepoint (normal execution)

VM Mutex/Monitor currently owned by a thread: None

Heap:
 PSYoungGen      total 35328K, used 27856K [0x00000000eab00000, 0x00000000ed000000, 0x0000000100000000)
  eden space 32768K, 77% used [0x00000000eab00000,0x00000000ec3b5918,0x00000000ecb00000)
  from space 2560K, 99% used [0x00000000ecd80000,0x00000000ecffea98,0x00000000ed000000)
  to   space 2560K, 0% used [0x00000000ecb00000,0x00000000ecb00000,0x00000000ecd80000)
 ParOldGen       total 44032K, used 3755K [0x00000000c0000000, 0x00000000c2b00000, 0x00000000eab00000)
  object space 44032K, 8% used [0x00000000c0000000,0x00000000c03aad78,0x00000000c2b00000)
 Metaspace       used 6092K, capacity 7024K, committed 7296K, reserved 1056768K
  class space    used 602K, capacity 616K, committed 640K, reserved 1048576K

Card table byte_map: [0x0000000011780000,0x0000000011990000] byte_map_base: 0x0000000011180000

Marking Bits: (ParMarkBitMap*) 0x000000005456a5b0
 Begin Bits: [0x0000000011ef0000, 0x0000000012ef0000)
 End Bits:   [0x0000000012ef0000, 0x0000000013ef0000)

Polling page: 0x0000000000460000

CodeCache: size=245760Kb used=5698Kb max_used=5698Kb free=240061Kb
 bounds [0x00000000023c0000, 0x0000000002960000, 0x00000000113c0000]
 total_blobs=1651 nmethods=1382 adapters=182
 compilation: enabled

Compilation events (10 events):
Event: 4.961 Thread 0x0000000014ae8800 1404       2       com.android.dx.ssa.back.FirstFitLocalCombiningAllocator::handleLocalAssociatedParams (132 bytes)
Event: 4.962 Thread 0x0000000014ae8800 nmethod 1404 0x00000000029523d0 code [0x00000000029525e0, 0x0000000002952be8]
Event: 4.972 Thread 0x0000000014ae8800 1405       2       java.util.concurrent.locks.AbstractQueuedSynchronizer::compareAndSetState (13 bytes)
Event: 4.972 Thread 0x0000000014ae8800 nmethod 1405 0x00000000029532d0 code [0x0000000002953420, 0x0000000002953590]
Event: 4.974 Thread 0x0000000014ae8800 1406       2       com.android.dx.cf.code.ConcreteMethod::getMaxLocals (8 bytes)
Event: 4.974 Thread 0x0000000014ae8800 nmethod 1406 0x0000000002953610 code [0x0000000002953760, 0x00000000029538b0]
Event: 4.974 Thread 0x0000000014ae8800 1407       2       com.android.dx.rop.type.Prototype::makeParameterArray (131 bytes)
Event: 4.975 Thread 0x0000000014ae8800 nmethod 1407 0x0000000002953950 code [0x0000000002953b20, 0x00000000029540f8]
Event: 4.979 Thread 0x0000000014ae8800 1408       2       java.util.concurrent.ThreadPoolExecutor::workerCountOf (5 bytes)
Event: 4.979 Thread 0x0000000014ae8800 nmethod 1408 0x00000000029545d0 code [0x0000000002954720, 0x0000000002954850]

GC Heap History (4 events):
Event: 3.646 GC heap before
{Heap before GC invocations=1 (full 0):
 PSYoungGen      total 18944K, used 16384K [0x00000000eab00000, 0x00000000ec000000, 0x0000000100000000)
  eden space 16384K, 100% used [0x00000000eab00000,0x00000000ebb00000,0x00000000ebb00000)
  from space 2560K, 0% used [0x00000000ebd80000,0x00000000ebd80000,0x00000000ec000000)
  to   space 2560K, 0% used [0x00000000ebb00000,0x00000000ebb00000,0x00000000ebd80000)
 ParOldGen       total 44032K, used 0K [0x00000000c0000000, 0x00000000c2b00000, 0x00000000eab00000)
  object space 44032K, 0% used [0x00000000c0000000,0x00000000c0000000,0x00000000c2b00000)
 Metaspace       used 5752K, capacity 6704K, committed 6784K, reserved 1056768K
  class space    used 598K, capacity 616K, committed 640K, reserved 1048576K
Event: 3.756 GC heap after
Heap after GC invocations=1 (full 0):
 PSYoungGen      total 18944K, used 2554K [0x00000000eab00000, 0x00000000ed000000, 0x0000000100000000)
  eden space 16384K, 0% used [0x00000000eab00000,0x00000000eab00000,0x00000000ebb00000)
  from space 2560K, 99% used [0x00000000ebb00000,0x00000000ebd7eab8,0x00000000ebd80000)
  to   space 2560K, 0% used [0x00000000ecd80000,0x00000000ecd80000,0x00000000ed000000)
 ParOldGen       total 44032K, used 1429K [0x00000000c0000000, 0x00000000c2b00000, 0x00000000eab00000)
  object space 44032K, 3% used [0x00000000c0000000,0x00000000c0165600,0x00000000c2b00000)
 Metaspace       used 5752K, capacity 6704K, committed 6784K, reserved 1056768K
  class space    used 598K, capacity 616K, committed 640K, reserved 1048576K
}
Event: 4.161 GC heap before
{Heap before GC invocations=2 (full 0):
 PSYoungGen      total 18944K, used 18938K [0x00000000eab00000, 0x00000000ed000000, 0x0000000100000000)
  eden space 16384K, 100% used [0x00000000eab00000,0x00000000ebb00000,0x00000000ebb00000)
  from space 2560K, 99% used [0x00000000ebb00000,0x00000000ebd7eab8,0x00000000ebd80000)
  to   space 2560K, 0% used [0x00000000ecd80000,0x00000000ecd80000,0x00000000ed000000)
 ParOldGen       total 44032K, used 1429K [0x00000000c0000000, 0x00000000c2b00000, 0x00000000eab00000)
  object space 44032K, 3% used [0x00000000c0000000,0x00000000c0165600,0x00000000c2b00000)
 Metaspace       used 5940K, capacity 6832K, committed 7040K, reserved 1056768K
  class space    used 600K, capacity 616K, committed 640K, reserved 1048576K
Event: 4.169 GC heap after
Heap after GC invocations=2 (full 0):
 PSYoungGen      total 35328K, used 2554K [0x00000000eab00000, 0x00000000ed000000, 0x0000000100000000)
  eden space 32768K, 0% used [0x00000000eab00000,0x00000000eab00000,0x00000000ecb00000)
  from space 2560K, 99% used [0x00000000ecd80000,0x00000000ecffea98,0x00000000ed000000)
  to   space 2560K, 0% used [0x00000000ecb00000,0x00000000ecb00000,0x00000000ecd80000)
 ParOldGen       total 44032K, used 3755K [0x00000000c0000000, 0x00000000c2b00000, 0x00000000eab00000)
  object space 44032K, 8% used [0x00000000c0000000,0x00000000c03aad78,0x00000000c2b00000)
 Metaspace       used 5940K, capacity 6832K, committed 7040K, reserved 1056768K
  class space    used 600K, capacity 616K, committed 640K, reserved 1048576K
}

Deoptimization events (10 events):
Event: 4.023 Thread 0x0000000016666000 Uncommon trap: reason=unstable_if action=reinterpret pc=0x00000000026e7fac method=com.android.dx.rop.code.RegisterSpecSet.put(Lcom/android/dx/rop/code/RegisterSpec;)V @ 77
Event: 4.023 Thread 0x0000000016666000 Uncommon trap: reason=unstable_if action=reinterpret pc=0x000000000279439c method=com.android.dx.rop.code.RegisterSpecSet.put(Lcom/android/dx/rop/code/RegisterSpec;)V @ 77
Event: 4.025 Thread 0x0000000016666000 Uncommon trap: reason=bimorphic action=maybe_recompile pc=0x000000000266fdf0 method=java.util.HashMap.getNode(ILjava/lang/Object;)Ljava/util/HashMap$Node; @ 126
Event: 4.025 Thread 0x0000000016666000 Uncommon trap: reason=bimorphic action=maybe_recompile pc=0x000000000266fdf0 method=java.util.HashMap.getNode(ILjava/lang/Object;)Ljava/util/HashMap$Node; @ 126
Event: 4.025 Thread 0x0000000016666000 Uncommon trap: reason=bimorphic action=maybe_recompile pc=0x000000000266fdf0 method=java.util.HashMap.getNode(ILjava/lang/Object;)Ljava/util/HashMap$Node; @ 126
Event: 4.025 Thread 0x0000000016666000 Uncommon trap: reason=bimorphic action=maybe_recompile pc=0x0000000002613c30 method=java.util.HashMap.getNode(ILjava/lang/Object;)Ljava/util/HashMap$Node; @ 126
Event: 4.025 Thread 0x0000000016666000 Uncommon trap: reason=unstable_if action=reinterpret pc=0x00000000026e7bdc method=com.android.dx.rop.cst.Constant.compareTo(Lcom/android/dx/rop/cst/Constant;)I @ 12
Event: 4.078 Thread 0x0000000016666000 Uncommon trap: reason=unstable_if action=reinterpret pc=0x00000000026b9a60 method=com.android.dx.rop.code.RegisterSpec.equals(ILcom/android/dx/rop/type/TypeBearer;Lcom/android/dx/rop/code/LocalItem;)Z @ 42
Event: 4.116 Thread 0x0000000016664800 Uncommon trap: reason=null_check action=make_not_entrant pc=0x00000000026baa60 method=com.android.dx.rop.type.Type.equals(Ljava/lang/Object;)Z @ 8
Event: 4.791 Thread 0x00000000009bd800 Uncommon trap: reason=unstable_if action=reinterpret pc=0x000000000288510c method=com.android.dx.cf.code.BytecodeArray.parseInstruction(ILcom/android/dx/cf/code/BytecodeArray$Visitor;)I @ 1198

Internal exceptions (3 events):
Event: 0.635 Thread 0x00000000009bd800 Exception <a 'java/lang/NoSuchMethodError': Method sun.misc.Unsafe.defineClass(Ljava/lang/String;[BII)Ljava/lang/Class; name or signature does not match> (0x00000000eab0d1f8) thrown at [C:\re\workspace\8-2-build-windows-amd64-cygwin\jdk8u60\4407\hotspot\sré∆∞®ˆR‰?
Event: 0.635 Thread 0x00000000009bd800 Exception <a 'java/lang/NoSuchMethodError': Method sun.misc.Unsafe.prefetchRead(Ljava/lang/Object;J)V name or signature does not match> (0x00000000eab0d4e0) thrown at [C:\re\workspace\8-2-build-windows-amd64-cygwin\jdk8u60\4407\hotspot\src\share\vm\prims\j‹v:±v@
Event: 4.116 Thread 0x0000000016664800 Implicit null exception at 0x00000000026ba962 to 0x00000000026baa52

Events (10 events):
Event: 4.791 Thread 0x00000000009bd800 DEOPT PACKING pc=0x000000000288510c sp=0x00000000022be1d0
Event: 4.791 Thread 0x00000000009bd800 DEOPT UNPACKING pc=0x000000000240582a sp=0x00000000022be178 mode 2
Event: 4.865 loading class com/android/dx/dex/file/ParameterAnnotationStruct
Event: 4.865 loading class com/android/dx/dex/file/ParameterAnnotationStruct done
Event: 4.866 loading class com/android/dx/dex/file/UniformListItem
Event: 4.866 loading class com/android/dx/dex/file/UniformListItem done
Event: 4.867 loading class com/android/dx/dex/file/AnnotationSetRefItem
Event: 4.867 loading class com/android/dx/dex/file/AnnotationSetRefItem done
Event: 4.941 Thread 0x0000000016664800 DEOPT PACKING pc=0x000000000266a90c sp=0x0000000016ccea00
Event: 4.941 Thread 0x0000000016664800 DEOPT UNPACKING pc=0x000000000240787f sp=0x0000000016cce7c8 mode 0


Dynamic libraries:
0x00007ff697990000 - 0x00007ff6979c7000 	C:\Program Files\Java\jdk1.8.0_60\bin\java.exe
0x00007ff86b3c0000 - 0x00007ff86b582000 	C:\Windows\SYSTEM32\ntdll.dll
0x00007ff86ad50000 - 0x00007ff86adfd000 	C:\Windows\system32\KERNEL32.DLL
0x00007ff8688b0000 - 0x00007ff868a8d000 	C:\Windows\system32\KERNELBASE.dll
0x00007ff86a930000 - 0x00007ff86a9d6000 	C:\Windows\system32\ADVAPI32.dll
0x00007ff86b320000 - 0x00007ff86b3bd000 	C:\Windows\system32\msvcrt.dll
0x00007ff869340000 - 0x00007ff86939b000 	C:\Windows\system32\sechost.dll
0x00007ff86b120000 - 0x00007ff86b246000 	C:\Windows\system32\RPCRT4.dll
0x00007ff86afd0000 - 0x00007ff86b11e000 	C:\Windows\system32\USER32.dll
0x00007ff868aa0000 - 0x00007ff868c25000 	C:\Windows\system32\GDI32.dll
0x00007ff85e580000 - 0x00007ff85e7f4000 	C:\Windows\WinSxS\amd64_microsoft.windows.common-controls_6595b64144ccf1df_6.0.10240.16384_none_f41f7b285750ef43\COMCTL32.dll
0x00007ff86acf0000 - 0x00007ff86ad26000 	C:\Windows\system32\IMM32.DLL
0x00007ff868ec0000 - 0x00007ff86901c000 	C:\Windows\system32\MSCTF.dll
0x0000000053530000 - 0x0000000053602000 	C:\Program Files\Java\jdk1.8.0_60\jre\bin\msvcr100.dll
0x0000000053d60000 - 0x00000000545e9000 	C:\Program Files\Java\jdk1.8.0_60\jre\bin\server\jvm.dll
0x00007ff868c30000 - 0x00007ff868c38000 	C:\Windows\system32\PSAPI.DLL
0x00007ff865d20000 - 0x00007ff865d29000 	C:\Windows\SYSTEM32\WSOCK32.dll
0x00007ff858540000 - 0x00007ff858563000 	C:\Windows\SYSTEM32\WINMM.dll
0x00007ff85dc80000 - 0x00007ff85dc8a000 	C:\Windows\SYSTEM32\VERSION.dll
0x00007ff86aac0000 - 0x00007ff86ab29000 	C:\Windows\system32\WS2_32.dll
0x00007ff858510000 - 0x00007ff85853c000 	C:\Windows\SYSTEM32\WINMMBASE.dll
0x00007ff867ef0000 - 0x00007ff867f34000 	C:\Windows\system32\cfgmgr32.dll
0x00007ff868a90000 - 0x00007ff868a98000 	C:\Windows\system32\NSI.dll
0x00007ff8666c0000 - 0x00007ff8666e7000 	C:\Windows\SYSTEM32\DEVOBJ.dll
0x0000000053c70000 - 0x0000000053c7f000 	C:\Program Files\Java\jdk1.8.0_60\jre\bin\verify.dll
0x0000000053c40000 - 0x0000000053c69000 	C:\Program Files\Java\jdk1.8.0_60\jre\bin\java.dll
0x0000000053c20000 - 0x0000000053c36000 	C:\Program Files\Java\jdk1.8.0_60\jre\bin\zip.dll
0x00007ff8693a0000 - 0x00007ff86a8c5000 	C:\Windows\system32\SHELL32.dll
0x00007ff8680b0000 - 0x00007ff8686d8000 	C:\Windows\system32\windows.storage.dll
0x00007ff868c40000 - 0x00007ff868ebc000 	C:\Windows\system32\combase.dll
0x00007ff86af70000 - 0x00007ff86afc1000 	C:\Windows\system32\shlwapi.dll
0x00007ff867e80000 - 0x00007ff867e8f000 	C:\Windows\system32\kernel.appcore.dll
0x00007ff867f40000 - 0x00007ff867ff3000 	C:\Windows\system32\shcore.dll
0x00007ff867df0000 - 0x00007ff867e3a000 	C:\Windows\system32\powrprof.dll
0x00007ff867e60000 - 0x00007ff867e73000 	C:\Windows\system32\profapi.dll

VM Arguments:
jvm_args: -Djava.awt.headless=true -Xmx1024M -Dfile.encoding=windows-1252 -Duser.country=US -Duser.language=en -Duser.variant 
java_command: com.android.dx.command.Main --dex --num-threads=4 --output G:\AndroidProjects\SmartLocationFinder\app\build\intermediates\pre-dexed\debug\com.android.support-recyclerview-v7-23.4.0_f2ac1dca28d9d98a7a9cf43a4005c24d345a02b6.jar G:\AndroidProjects\SmartLocationFinder\app\build\intermediates\exploded-aar\com.android.support\recyclerview-v7\23.4.0\jars\classes.jar
java_class_path (initial): C:\Users\Public\build-tools\23.0.2\lib\dx.jar
Launcher Type: SUN_STANDARD

Environment Variables:
PATH=C:\ProgramData\Oracle\Java\javapath;C:\Windows\system32;C:\Windows;C:\Windows\System32\Wbem;C:\Windows\System32\WindowsPowerShell\v1.0\
USERNAME=Amazing Aayan
OS=Windows_NT
PROCESSOR_IDENTIFIER=Intel64 Family 6 Model 42 Stepping 7, GenuineIntel



---------------  S Y S T E M  ---------------

OS: Windows 10.0 , 64 bit Build 10240 (10.0.10240.16384)

CPU:total 4 (2 cores per cpu, 2 threads per core) family 6 model 42 stepping 7, cmov, cx8, fxsr, mmx, sse, sse2, sse3, ssse3, sse4.1, sse4.2, popcnt, avx, clmul, ht, tsc, tscinvbit

Memory: 4k page, physical 4109748k(129980k free), swap 6669748k(12440k free)

vm_info: Java HotSpot(TM) 64-Bit Server VM (25.60-b23) for windows-amd64 JRE (1.8.0_60-b27), built on Aug  4 2015 11:06:27 by "java_re" with MS VC++ 10.0 (VS2010)

time: Sat May 21 22:44:06 2016
elapsed time: 5 seconds (0d 0h 0m 5s)

