#
# There is insufficient memory for the Java Runtime Environment to continue.
# Native memory allocation (malloc) failed to allocate 43472 bytes for Chunk::new
# Possible reasons:
#   The system is out of physical RAM or swap space
#   In 32 bit mode, the process size limit was hit
# Possible solutions:
#   Reduce memory load on the system
#   Increase physical memory or swap space
#   Check if swap backing store is full
#   Use 64 bit Java on a 64 bit OS
#   Decrease Java heap size (-Xmx/-Xms)
#   Decrease number of Java threads
#   Decrease Java thread stack sizes (-Xss)
#   Set larger code cache with -XX:ReservedCodeCacheSize=
# This output file may be truncated or incomplete.
#
#  Out of Memory Error (allocation.cpp:390), pid=3944, tid=3372
#
# JRE version: Java(TM) SE Runtime Environment (8.0_60-b27) (build 1.8.0_60-b27)
# Java VM: Java HotSpot(TM) 64-Bit Server VM (25.60-b23 mixed mode windows-amd64 compressed oops)
# Failed to write core dump. Minidumps are not enabled by default on client versions of Windows
#

---------------  T H R E A D  ---------------

Current thread (0x0000000015817000):  JavaThread "C2 CompilerThread1" daemon [_thread_in_native, id=3372, stack(0x0000000016ef0000,0x0000000016ff0000)]

Stack: [0x0000000016ef0000,0x0000000016ff0000]
[error occurred during error reporting (printing stack bounds), id 0xc0000005]

Native frames: (J=compiled Java code, j=interpreted, Vv=VM code, C=native code)


Current CompileTask:
C2:  20196 2683       4       java.util.HashMap::put (13 bytes)


---------------  P R O C E S S  ---------------

Java Threads: ( => current thread )
  0x00000000170f6000 JavaThread "Service Thread" daemon [_thread_blocked, id=904, stack(0x00000000174f0000,0x00000000175f0000)]
  0x0000000015819800 JavaThread "C1 CompilerThread2" daemon [_thread_blocked, id=224, stack(0x0000000016ff0000,0x00000000170f0000)]
=>0x0000000015817000 JavaThread "C2 CompilerThread1" daemon [_thread_in_native, id=3372, stack(0x0000000016ef0000,0x0000000016ff0000)]
  0x00000000157b9000 JavaThread "C2 CompilerThread0" daemon [_thread_blocked, id=6388, stack(0x0000000016df0000,0x0000000016ef0000)]
  0x00000000157b8000 JavaThread "Attach Listener" daemon [_thread_blocked, id=6412, stack(0x0000000016cf0000,0x0000000016df0000)]
  0x00000000157b6800 JavaThread "Signal Dispatcher" daemon [_thread_blocked, id=724, stack(0x0000000016bf0000,0x0000000016cf0000)]
  0x00000000030e6000 JavaThread "Finalizer" daemon [_thread_blocked, id=5728, stack(0x0000000016a10000,0x0000000016b10000)]
  0x00000000030dd000 JavaThread "Reference Handler" daemon [_thread_blocked, id=6276, stack(0x0000000016910000,0x0000000016a10000)]
  0x000000000164d800 JavaThread "main" [_thread_in_native, id=6048, stack(0x0000000002e20000,0x0000000002f20000)]

Other Threads:
  0x0000000015788000 VMThread [stack: 0x0000000016810000,0x0000000016910000] [id=5636]
  0x0000000017113000 WatcherThread [stack: 0x00000000175f0000,0x00000000176f0000] [id=6508]

VM state:not at safepoint (normal execution)

VM Mutex/Monitor currently owned by a thread: None

Heap:
 PSYoungGen      total 146432K, used 20604K [0x00000000eab00000, 0x00000000fe300000, 0x0000000100000000)
  eden space 126976K, 12% used [0x00000000eab00000,0x00000000eba31078,0x00000000f2700000)
  from space 19456K, 25% used [0x00000000f2700000,0x00000000f2bee120,0x00000000f3a00000)
  to   space 32768K, 0% used [0x00000000fc300000,0x00000000fc300000,0x00000000fe300000)
 ParOldGen       total 88064K, used 46064K [0x00000000c0000000, 0x00000000c5600000, 0x00000000eab00000)
  object space 88064K, 52% used [0x00000000c0000000,0x00000000c2cfc188,0x00000000c5600000)
 Metaspace       used 7019K, capacity 7576K, committed 7936K, reserved 1056768K
  class space    used 645K, capacity 656K, committed 768K, reserved 1048576K

Card table byte_map: [0x00000000124b0000,0x00000000126c0000] byte_map_base: 0x0000000011eb0000

Marking Bits: (ParMarkBitMap*) 0x000000006da1a5b0
 Begin Bits: [0x0000000012c20000, 0x0000000013c20000)
 End Bits:   [0x0000000013c20000, 0x0000000014c20000)

Polling page: 0x00000000016b0000

CodeCache: size=245760Kb used=11952Kb max_used=11965Kb free=233807Kb
 bounds [0x00000000030f0000, 0x0000000003cb0000, 0x00000000120f0000]
 total_blobs=2894 nmethods=2619 adapters=187
 compilation: enabled

Compilation events (10 events):
Event: 19.312 Thread 0x0000000015819800 2679       3       sun.misc.FDBigInteger::mult (64 bytes)
Event: 19.312 Thread 0x0000000015819800 nmethod 2679 0x0000000003c9f190 code [0x0000000003c9f300, 0x0000000003c9f590]
Event: 19.312 Thread 0x0000000015819800 2680       3       sun.misc.FDBigInteger::<init> (30 bytes)
Event: 19.312 Thread 0x0000000015819800 nmethod 2680 0x0000000003c96050 code [0x0000000003c961c0, 0x0000000003c963c8]
Event: 19.312 Thread 0x0000000015819800 2681       3       sun.misc.FDBigInteger::trimLeadingZeros (57 bytes)
Event: 19.313 Thread 0x0000000015819800 nmethod 2681 0x0000000003c95a90 code [0x0000000003c95c00, 0x0000000003c95f30]
Event: 19.970 Thread 0x00000000157b9000 2682       4       java.util.HashMap::putVal (300 bytes)
Event: 19.970 Thread 0x0000000015817000 2683       4       java.util.HashMap::put (13 bytes)
Event: 19.970 Thread 0x0000000015819800 2684  s    3       java.util.Hashtable::put (104 bytes)
Event: 19.971 Thread 0x0000000015819800 nmethod 2684 0x0000000003ca56d0 code [0x0000000003ca58a0, 0x0000000003ca6038]

GC Heap History (10 events):
Event: 6.788 GC heap before
{Heap before GC invocations=4 (full 0):
 PSYoungGen      total 35328K, used 35296K [0x00000000eab00000, 0x00000000ef000000, 0x0000000100000000)
  eden space 32768K, 100% used [0x00000000eab00000,0x00000000ecb00000,0x00000000ecb00000)
  from space 2560K, 98% used [0x00000000ecb00000,0x00000000ecd78018,0x00000000ecd80000)
  to   space 2560K, 0% used [0x00000000eed80000,0x00000000eed80000,0x00000000ef000000)
 ParOldGen       total 44032K, used 7468K [0x00000000c0000000, 0x00000000c2b00000, 0x00000000eab00000)
  object space 44032K, 16% used [0x00000000c0000000,0x00000000c074b208,0x00000000c2b00000)
 Metaspace       used 6249K, capacity 7088K, committed 7296K, reserved 1056768K
  class space    used 600K, capacity 616K, committed 640K, reserved 1048576K
Event: 6.957 GC heap after
Heap after GC invocations=4 (full 0):
 PSYoungGen      total 68096K, used 2541K [0x00000000eab00000, 0x00000000ef000000, 0x0000000100000000)
  eden space 65536K, 0% used [0x00000000eab00000,0x00000000eab00000,0x00000000eeb00000)
  from space 2560K, 99% used [0x00000000eed80000,0x00000000eeffb770,0x00000000ef000000)
  to   space 2560K, 0% used [0x00000000eeb00000,0x00000000eeb00000,0x00000000eed80000)
 ParOldGen       total 44032K, used 12998K [0x00000000c0000000, 0x00000000c2b00000, 0x00000000eab00000)
  object space 44032K, 29% used [0x00000000c0000000,0x00000000c0cb19c8,0x00000000c2b00000)
 Metaspace       used 6249K, capacity 7088K, committed 7296K, reserved 1056768K
  class space    used 600K, capacity 616K, committed 640K, reserved 1048576K
}
Event: 8.136 GC heap before
{Heap before GC invocations=5 (full 0):
 PSYoungGen      total 68096K, used 68077K [0x00000000eab00000, 0x00000000ef000000, 0x0000000100000000)
  eden space 65536K, 100% used [0x00000000eab00000,0x00000000eeb00000,0x00000000eeb00000)
  from space 2560K, 99% used [0x00000000eed80000,0x00000000eeffb770,0x00000000ef000000)
  to   space 2560K, 0% used [0x00000000eeb00000,0x00000000eeb00000,0x00000000eed80000)
 ParOldGen       total 44032K, used 12998K [0x00000000c0000000, 0x00000000c2b00000, 0x00000000eab00000)
  object space 44032K, 29% used [0x00000000c0000000,0x00000000c0cb19c8,0x00000000c2b00000)
 Metaspace       used 6365K, capacity 7152K, committed 7296K, reserved 1056768K
  class space    used 600K, capacity 616K, committed 640K, reserved 1048576K
Event: 8.280 GC heap after
Heap after GC invocations=5 (full 0):
 PSYoungGen      total 68096K, used 2557K [0x00000000eab00000, 0x00000000f4900000, 0x0000000100000000)
  eden space 65536K, 0% used [0x00000000eab00000,0x00000000eab00000,0x00000000eeb00000)
  from space 2560K, 99% used [0x00000000eeb00000,0x00000000eed7f6c0,0x00000000eed80000)
  to   space 15360K, 0% used [0x00000000f3a00000,0x00000000f3a00000,0x00000000f4900000)
 ParOldGen       total 44032K, used 25679K [0x00000000c0000000, 0x00000000c2b00000, 0x00000000eab00000)
  object space 44032K, 58% used [0x00000000c0000000,0x00000000c1913cc0,0x00000000c2b00000)
 Metaspace       used 6365K, capacity 7152K, committed 7296K, reserved 1056768K
  class space    used 600K, capacity 616K, committed 640K, reserved 1048576K
}
Event: 8.979 GC heap before
{Heap before GC invocations=6 (full 0):
 PSYoungGen      total 68096K, used 68093K [0x00000000eab00000, 0x00000000f4900000, 0x0000000100000000)
  eden space 65536K, 100% used [0x00000000eab00000,0x00000000eeb00000,0x00000000eeb00000)
  from space 2560K, 99% used [0x00000000eeb00000,0x00000000eed7f6c0,0x00000000eed80000)
  to   space 15360K, 0% used [0x00000000f3a00000,0x00000000f3a00000,0x00000000f4900000)
 ParOldGen       total 44032K, used 25679K [0x00000000c0000000, 0x00000000c2b00000, 0x00000000eab00000)
  object space 44032K, 58% used [0x00000000c0000000,0x00000000c1913cc0,0x00000000c2b00000)
 Metaspace       used 6396K, capacity 7152K, committed 7296K, reserved 1056768K
  class space    used 602K, capacity 616K, committed 640K, reserved 1048576K
Event: 9.093 GC heap after
Heap after GC invocations=6 (full 0):
 PSYoungGen      total 142336K, used 15358K [0x00000000eab00000, 0x00000000f5100000, 0x0000000100000000)
  eden space 126976K, 0% used [0x00000000eab00000,0x00000000eab00000,0x00000000f2700000)
  from space 15360K, 99% used [0x00000000f3a00000,0x00000000f48ffb78,0x00000000f4900000)
  to   space 19456K, 0% used [0x00000000f2700000,0x00000000f2700000,0x00000000f3a00000)
 ParOldGen       total 44032K, used 27585K [0x00000000c0000000, 0x00000000c2b00000, 0x00000000eab00000)
  object space 44032K, 62% used [0x00000000c0000000,0x00000000c1af0610,0x00000000c2b00000)
 Metaspace       used 6396K, capacity 7152K, committed 7296K, reserved 1056768K
  class space    used 602K, capacity 616K, committed 640K, reserved 1048576K
}
Event: 10.250 GC heap before
{Heap before GC invocations=7 (full 0):
 PSYoungGen      total 142336K, used 142334K [0x00000000eab00000, 0x00000000f5100000, 0x0000000100000000)
  eden space 126976K, 100% used [0x00000000eab00000,0x00000000f2700000,0x00000000f2700000)
  from space 15360K, 99% used [0x00000000f3a00000,0x00000000f48ffb78,0x00000000f4900000)
  to   space 19456K, 0% used [0x00000000f2700000,0x00000000f2700000,0x00000000f3a00000)
 ParOldGen       total 44032K, used 27585K [0x00000000c0000000, 0x00000000c2b00000, 0x00000000eab00000)
  object space 44032K, 62% used [0x00000000c0000000,0x00000000c1af0610,0x00000000c2b00000)
 Metaspace       used 6416K, capacity 7216K, committed 7296K, reserved 1056768K
  class space    used 602K, capacity 616K, committed 640K, reserved 1048576K
Event: 10.327 GC heap after
Heap after GC invocations=7 (full 0):
 PSYoungGen      total 146432K, used 19447K [0x00000000eab00000, 0x00000000fe300000, 0x0000000100000000)
  eden space 126976K, 0% used [0x00000000eab00000,0x00000000eab00000,0x00000000f2700000)
  from space 19456K, 99% used [0x00000000f2700000,0x00000000f39fdf78,0x00000000f3a00000)
  to   space 32768K, 0% used [0x00000000fc300000,0x00000000fc300000,0x00000000fe300000)
 ParOldGen       total 46080K, used 45990K [0x00000000c0000000, 0x00000000c2d00000, 0x00000000eab00000)
  object space 46080K, 99% used [0x00000000c0000000,0x00000000c2ce9800,0x00000000c2d00000)
 Metaspace       used 6416K, capacity 7216K, committed 7296K, reserved 1056768K
  class space    used 602K, capacity 616K, committed 640K, reserved 1048576K
}
Event: 10.327 GC heap before
{Heap before GC invocations=8 (full 1):
 PSYoungGen      total 146432K, used 19447K [0x00000000eab00000, 0x00000000fe300000, 0x0000000100000000)
  eden space 126976K, 0% used [0x00000000eab00000,0x00000000eab00000,0x00000000f2700000)
  from space 19456K, 99% used [0x00000000f2700000,0x00000000f39fdf78,0x00000000f3a00000)
  to   space 32768K, 0% used [0x00000000fc300000,0x00000000fc300000,0x00000000fe300000)
 ParOldGen       total 46080K, used 45990K [0x00000000c0000000, 0x00000000c2d00000, 0x00000000eab00000)
  object space 46080K, 99% used [0x00000000c0000000,0x00000000c2ce9800,0x00000000c2d00000)
 Metaspace       used 6416K, capacity 7216K, committed 7296K, reserved 1056768K
  class space    used 602K, capacity 616K, committed 640K, reserved 1048576K
Event: 11.025 GC heap after
Heap after GC invocations=8 (full 1):
 PSYoungGen      total 146432K, used 5048K [0x00000000eab00000, 0x00000000fe300000, 0x0000000100000000)
  eden space 126976K, 0% used [0x00000000eab00000,0x00000000eab00000,0x00000000f2700000)
  from space 19456K, 25% used [0x00000000f2700000,0x00000000f2bee120,0x00000000f3a00000)
  to   space 32768K, 0% used [0x00000000fc300000,0x00000000fc300000,0x00000000fe300000)
 ParOldGen       total 88064K, used 46064K [0x00000000c0000000, 0x00000000c5600000, 0x00000000eab00000)
  object space 88064K, 52% used [0x00000000c0000000,0x00000000c2cfc188,0x00000000c5600000)
 Metaspace       used 6416K, capacity 7216K, committed 7296K, reserved 1056768K
  class space    used 602K, capacity 616K, committed 640K, reserved 1048576K
}

Deoptimization events (10 events):
Event: 19.596 Thread 0x000000000164d800 Uncommon trap: reason=unstable_if action=reinterpret pc=0x0000000003c9fe4c method=java.lang.String.indexOf([CII[CIII)I @ 3
Event: 19.596 Thread 0x000000000164d800 Uncommon trap: reason=unstable_if action=reinterpret pc=0x00000000033da4e8 method=java.util.Arrays.copyOf([Ljava/lang/Object;ILjava/lang/Class;)[Ljava/lang/Object; @ 3
Event: 19.969 Thread 0x000000000164d800 Uncommon trap: reason=speculate_class_check action=maybe_recompile pc=0x000000000364dd24 method=java.util.HashMap.putVal(ILjava/lang/Object;Ljava/lang/Object;ZZ)Ljava/lang/Object; @ 56
Event: 19.969 Thread 0x000000000164d800 Uncommon trap: reason=speculate_class_check action=maybe_recompile pc=0x000000000364dd90 method=java.util.HashMap.putVal(ILjava/lang/Object;Ljava/lang/Object;ZZ)Ljava/lang/Object; @ 152
Event: 19.969 Thread 0x000000000164d800 Uncommon trap: reason=speculate_class_check action=maybe_recompile pc=0x000000000364dd24 method=java.util.HashMap.putVal(ILjava/lang/Object;Ljava/lang/Object;ZZ)Ljava/lang/Object; @ 56
Event: 19.969 Thread 0x000000000164d800 Uncommon trap: reason=speculate_class_check action=maybe_recompile pc=0x000000000364dd24 method=java.util.HashMap.putVal(ILjava/lang/Object;Ljava/lang/Object;ZZ)Ljava/lang/Object; @ 56
Event: 19.969 Thread 0x000000000164d800 Uncommon trap: reason=class_check action=maybe_recompile pc=0x0000000003635d70 method=java.util.HashMap.putVal(ILjava/lang/Object;Ljava/lang/Object;ZZ)Ljava/lang/Object; @ 56
Event: 19.970 Thread 0x000000000164d800 Uncommon trap: reason=class_check action=maybe_recompile pc=0x0000000003635d70 method=java.util.HashMap.putVal(ILjava/lang/Object;Ljava/lang/Object;ZZ)Ljava/lang/Object; @ 56
Event: 19.970 Thread 0x000000000164d800 Uncommon trap: reason=class_check action=maybe_recompile pc=0x0000000003635d70 method=java.util.HashMap.putVal(ILjava/lang/Object;Ljava/lang/Object;ZZ)Ljava/lang/Object; @ 56
Event: 19.970 Thread 0x000000000164d800 Uncommon trap: reason=class_check action=maybe_recompile pc=0x0000000003635d70 method=java.util.HashMap.putVal(ILjava/lang/Object;Ljava/lang/Object;ZZ)Ljava/lang/Object; @ 56

Internal exceptions (3 events):
Event: 0.509 Thread 0x000000000164d800 Exception <a 'java/lang/NoSuchMethodError': Method sun.misc.Unsafe.defineClass(Ljava/lang/String;[BII)Ljava/lang/Class; name or signature does not match> (0x00000000eab0d3a8) thrown at [C:\re\workspace\8-2-build-windows-amd64-cygwin\jdk8u60\4407\hotspot\sr”m9]©Là?
Event: 0.509 Thread 0x000000000164d800 Exception <a 'java/lang/NoSuchMethodError': Method sun.misc.Unsafe.prefetchRead(Ljava/lang/Object;J)V name or signature does not match> (0x00000000eab0d690) thrown at [C:\re\workspace\8-2-build-windows-amd64-cygwin\jdk8u60\4407\hotspot\src\share\vm\prims\jû©}²SO@
Event: 4.327 Thread 0x000000001736a000 Implicit null exception at 0x00000000033740e2 to 0x00000000033741d2

Events (10 events):
Event: 19.970 Thread 0x000000000164d800 Uncommon trap: trap_request=0xffffffde fr.pc=0x0000000003635d70
Event: 19.970 Thread 0x000000000164d800 DEOPT PACKING pc=0x0000000003635d70 sp=0x0000000002f1d440
Event: 19.970 Thread 0x000000000164d800 DEOPT UNPACKING pc=0x000000000313582a sp=0x0000000002f1d3c0 mode 2
Event: 19.970 Thread 0x000000000164d800 Uncommon trap: trap_request=0xffffffde fr.pc=0x0000000003635d70
Event: 19.970 Thread 0x000000000164d800 DEOPT PACKING pc=0x0000000003635d70 sp=0x0000000002f1d440
Event: 19.970 Thread 0x000000000164d800 DEOPT UNPACKING pc=0x000000000313582a sp=0x0000000002f1d3c0 mode 2
Event: 19.970 Thread 0x000000000164d800 Uncommon trap: trap_request=0xffffffde fr.pc=0x0000000003635d70
Event: 19.970 Thread 0x000000000164d800 DEOPT PACKING pc=0x0000000003635d70 sp=0x0000000002f1d440
Event: 19.970 Thread 0x000000000164d800 DEOPT UNPACKING pc=0x000000000313582a sp=0x0000000002f1d3c0 mode 2
Event: 19.971 loading class java/util/LinkedHashMap$LinkedEntrySet


Dynamic libraries:
0x00007ff6a5e90000 - 0x00007ff6a5ec7000 	C:\Program Files\Java\jdk1.8.0_60\bin\java.exe
0x00007ff933350000 - 0x00007ff933512000 	C:\Windows\SYSTEM32\ntdll.dll
0x00007ff931090000 - 0x00007ff93113d000 	C:\Windows\system32\KERNEL32.DLL
0x00007ff930840000 - 0x00007ff930a1d000 	C:\Windows\system32\KERNELBASE.dll
0x00007ff930c20000 - 0x00007ff930cc6000 	C:\Windows\system32\ADVAPI32.dll
0x00007ff933100000 - 0x00007ff93319d000 	C:\Windows\system32\msvcrt.dll
0x00007ff931830000 - 0x00007ff93188b000 	C:\Windows\system32\sechost.dll
0x00007ff9311f0000 - 0x00007ff931316000 	C:\Windows\system32\RPCRT4.dll
0x00007ff931380000 - 0x00007ff9314ce000 	C:\Windows\system32\USER32.dll
0x00007ff9316a0000 - 0x00007ff931825000 	C:\Windows\system32\GDI32.dll
0x00007ff9250a0000 - 0x00007ff925314000 	C:\Windows\WinSxS\amd64_microsoft.windows.common-controls_6595b64144ccf1df_6.0.10240.16384_none_f41f7b285750ef43\COMCTL32.dll
0x00007ff930be0000 - 0x00007ff930c16000 	C:\Windows\system32\IMM32.DLL
0x00007ff931540000 - 0x00007ff93169c000 	C:\Windows\system32\MSCTF.dll
0x000000006c9e0000 - 0x000000006cab2000 	C:\Program Files\Java\jdk1.8.0_60\jre\bin\msvcr100.dll
0x000000006d210000 - 0x000000006da99000 	C:\Program Files\Java\jdk1.8.0_60\jre\bin\server\jvm.dll
0x00007ff930e00000 - 0x00007ff930e08000 	C:\Windows\system32\PSAPI.DLL
0x00007ff92b2d0000 - 0x00007ff92b2d9000 	C:\Windows\SYSTEM32\WSOCK32.dll
0x00007ff9314d0000 - 0x00007ff931539000 	C:\Windows\system32\WS2_32.dll
0x00007ff930a90000 - 0x00007ff930a98000 	C:\Windows\system32\NSI.dll
0x00007ff928c70000 - 0x00007ff928c93000 	C:\Windows\SYSTEM32\WINMM.dll
0x00007ff927ee0000 - 0x00007ff927eea000 	C:\Windows\SYSTEM32\VERSION.dll
0x00007ff928bb0000 - 0x00007ff928bdc000 	C:\Windows\SYSTEM32\WINMMBASE.dll
0x00007ff92fe20000 - 0x00007ff92fe64000 	C:\Windows\system32\cfgmgr32.dll
0x00007ff92e6f0000 - 0x00007ff92e717000 	C:\Windows\SYSTEM32\DEVOBJ.dll
0x000000006d120000 - 0x000000006d12f000 	C:\Program Files\Java\jdk1.8.0_60\jre\bin\verify.dll
0x000000006d0f0000 - 0x000000006d119000 	C:\Program Files\Java\jdk1.8.0_60\jre\bin\java.dll
0x000000006d0d0000 - 0x000000006d0e6000 	C:\Program Files\Java\jdk1.8.0_60\jre\bin\zip.dll
0x00007ff9318b0000 - 0x00007ff932dd5000 	C:\Windows\system32\SHELL32.dll
0x00007ff92ff80000 - 0x00007ff9305a8000 	C:\Windows\system32\windows.storage.dll
0x00007ff930e10000 - 0x00007ff93108c000 	C:\Windows\system32\combase.dll
0x00007ff930b80000 - 0x00007ff930bd1000 	C:\Windows\system32\shlwapi.dll
0x00007ff92fe10000 - 0x00007ff92fe1f000 	C:\Windows\system32\kernel.appcore.dll
0x00007ff9305b0000 - 0x00007ff930663000 	C:\Windows\system32\shcore.dll
0x00007ff92fd80000 - 0x00007ff92fdca000 	C:\Windows\system32\powrprof.dll
0x00007ff92fdf0000 - 0x00007ff92fe03000 	C:\Windows\system32\profapi.dll

VM Arguments:
jvm_args: -Djava.awt.headless=true -Xmx1024M -Dfile.encoding=windows-1252 -Duser.country=US -Duser.language=en -Duser.variant 
java_command: com.android.dx.command.Main --dex --num-threads=4 --output G:\AndroidProjects\SmartLocationFinder\app\build\intermediates\pre-dexed\debug\com.google.android.gms-play-services-games-9.0.0_e4dece8c2216a9ba7391376aaf4ad210c8143df6.jar G:\AndroidProjects\SmartLocationFinder\app\build\intermediates\exploded-aar\com.google.android.gms\play-services-games\9.0.0\jars\classes.jar
java_class_path (initial): C:\Users\Public\build-tools\23.0.2\lib\dx.jar
Launcher Type: SUN_STANDARD

Environment Variables:
PATH=C:\ProgramData\Oracle\Java\javapath;C:\Windows\system32;C:\Windows;C:\Windows\System32\Wbem;C:\Windows\System32\WindowsPowerShell\v1.0\
USERNAME=Amazing Aayan
OS=Windows_NT
PROCESSOR_IDENTIFIER=Intel64 Family 6 Model 42 Stepping 7, GenuineIntel



---------------  S Y S T E M  ---------------

OS: Windows 10.0 , 64 bit Build 10240 (10.0.10240.16384)

CPU:total 4 (2 cores per cpu, 2 threads per core) family 6 model 42 stepping 7, cmov, cx8, fxsr, mmx, sse, sse2, sse3, ssse3, sse4.1, sse4.2, popcnt, avx, clmul, ht, tsc, tscinvbit

Memory: 4k page, physical 4109748k(111784k free), swap 6669748k(1032k free)

vm_info: Java HotSpot(TM) 64-Bit Server VM (25.60-b23) for windows-amd64 JRE (1.8.0_60-b27), built on Aug  4 2015 11:06:27 by "java_re" with MS VC++ 10.0 (VS2010)

time: Mon May 23 16:21:20 2016
elapsed time: 20 seconds (0d 0h 0m 20s)

